#
# A fatal error has been detected by the Java Runtime Environment:
#
#  EXCEPTION_ACCESS_VIOLATION (0xc0000005) at pc=0x00007fff345f6407, pid=15956, tid=6356
#
# JRE version: OpenJDK Runtime Environment Zulu11.64+19-CA (11.0.19+7) (build 11.0.19+7-LTS)
# Java VM: OpenJDK 64-Bit Server VM Zulu11.64+19-CA (11.0.19+7-LTS, mixed mode, tiered, compressed oops, g1 gc, windows-amd64)
# Problematic frame:
# C  [glass.dll+0x26407]
#
# No core dump will be written. Minidumps are not enabled by default on client versions of Windows
#
# If you would like to submit a bug report, please visit:
#   http://www.azul.com/support/
#

---------------  S U M M A R Y ------------

Command Line: -javaagent:C:\Program Files\JetBrains\IntelliJ IDEA Community Edition 2022.1.2\lib\idea_rt.jar=59817:C:\Program Files\JetBrains\IntelliJ IDEA Community Edition 2022.1.2\bin -Dfile.encoding=UTF-8 --module-path=C:\Users\vinic\.m2\repository\org\openjfx\javafx-fxml\19.0.2.1\javafx-fxml-19.0.2.1-win.jar;C:\Users\vinic\.m2\repository\com\fasterxml\jackson\core\jackson-core\2.12.2\jackson-core-2.12.2.jar;C:\Users\vinic\.m2\repository\com\jfoenix\jfoenix\9.0.10\jfoenix-9.0.10.jar;C:\Users\vinic\.m2\repository\org\controlsfx\controlsfx\11.1.2\controlsfx-11.1.2.jar;C:\Users\vinic\.m2\repository\com\google\code\gson\gson\2.10.1\gson-2.10.1.jar;C:\Users\vinic\.m2\repository\com\fasterxml\jackson\core\jackson-databind\2.12.2\jackson-databind-2.12.2.jar;C:\Users\vinic\.m2\repository\com\fasterxml\jackson\core\jackson-annotations\2.12.2\jackson-annotations-2.12.2.jar;C:\Users\vinic\.m2\repository\org\openjfx\javafx-graphics\19.0.2.1\javafx-graphics-19.0.2.1-win.jar;C:\Users\vinic\.m2\repository\org\kordamp\bootstrapfx\bootstrapfx-core\0.4.0\bootstrapfx-core-0.4.0.jar;E:\Pessoal\Desenvolvimento\faculdade\BeautyBooker\target\classes;C:\Users\vinic\.m2\repository\io\jsonwebtoken\jjwt-api\0.11.1\jjwt-api-0.11.1.jar;C:\Users\vinic\.m2\repository\org\openjfx\javafx-controls\19.0.2.1\javafx-controls-19.0.2.1-win.jar;C:\Users\vinic\.m2\repository\org\openjfx\javafx-base\19.0.2.1\javafx-base-19.0.2.1-win.jar -Djdk.module.main=com.beautybooker.beautybooker com.beautybooker.beautybooker/com.beautybooker.beautybooker.Application

Host: Intel(R) Core(TM) i7-8565U CPU @ 1.80GHz, 8 cores, 15G,  Windows 10 , 64 bit Build 19041 (10.0.19041.3636)
Time: Wed Nov 29 13:57:11 2023 Hora oficial do Brasil elapsed time: 43.609136 seconds (0d 0h 0m 43s)

---------------  T H R E A D  ---------------

Current thread (0x000002013496b000):  VMThread "VM Thread" [stack: 0x00000060dbb00000,0x00000060dbc00000] [id=6356]

Stack: [0x00000060dbb00000,0x00000060dbc00000],  sp=0x00000060dbbfecd0,  free space=1019k
Native frames: (J=compiled Java code, j=interpreted, Vv=VM code, C=native code)
C  [glass.dll+0x26407]


siginfo: EXCEPTION_ACCESS_VIOLATION (0xc0000005), reading address 0x0000000000000000


Register to memory mapping:

RIP=0x00007fff345f6407 glass.dll
RAX=0x0 is NULL
RBX=0x000002013497af70 is a global jni handle
RCX=0x000002013496b000 points into unknown readable memory: 0x00007fff0100b268 | 68 b2 00 01 ff 7f 00 00
RDX=0x00000060dbbfecd0 points into unknown readable memory: 0x0000000000000000 | 00 00 00 00 00 00 00 00
RSP=0x00000060dbbfecd0 points into unknown readable memory: 0x0000000000000000 | 00 00 00 00 00 00 00 00
RBP=0x0000020135fc0d98 points into unknown readable memory: 0x00007cb7ad3801cb | cb 01 38 ad b7 7c 00 00
RSI=0x0000020135fc0d70 points into unknown readable memory: 0x03ff851554fac1cb | cb c1 fa 54 15 85 ff 03
RDI=0x00007cb7ad3801cb is an unknown value
R8 =0x0000000000010002 is an unknown value
R9 =0x00007cb7ad3801cb is an unknown value
R10=0x0000000000008000 is an unknown value
R11=0x00000060dbbfec60 points into unknown readable memory: 0x0000020135fc0d70 | 70 0d fc 35 01 02 00 00
R12=0x00007fff345f3d40 glass.dll
R13=0x00000060dc5ff290 is pointing into the stack for thread: 0x000002013c2ef000
R14=0x00000060dbbfedc8 points into unknown readable memory: 0x00000060dbbfedb0 | b0 ed bf db 60 00 00 00
R15=0x0000020135fc0d70 points into unknown readable memory: 0x03ff851554fac1cb | cb c1 fa 54 15 85 ff 03


Registers:
RAX=0x0000000000000000, RBX=0x000002013497af70, RCX=0x000002013496b000, RDX=0x00000060dbbfecd0
RSP=0x00000060dbbfecd0, RBP=0x0000020135fc0d98, RSI=0x0000020135fc0d70, RDI=0x00007cb7ad3801cb
R8 =0x0000000000010002, R9 =0x00007cb7ad3801cb, R10=0x0000000000008000, R11=0x00000060dbbfec60
R12=0x00007fff345f3d40, R13=0x00000060dc5ff290, R14=0x00000060dbbfedc8, R15=0x0000020135fc0d70
RIP=0x00007fff345f6407, EFLAGS=0x0000000000010202

Top of Stack: (sp=0x00000060dbbfecd0)
0x00000060dbbfecd0:   0000000000000000 0000020135fc0d70
0x00000060dbbfece0:   00000060dc5ff290 00007fff345f3d40
0x00000060dbbfecf0:   0000020135fc0d78 00007fff761442d6
0x00000060dbbfed00:   00007cb7ad3801cb 0000020100000000
0x00000060dbbfed10:   0000020135fc0d98 0000020135fc0d70
0x00000060dbbfed20:   fffffffffffffffe 0000000000000000
0x00000060dbbfed30:   0000000000000001 00007fff345d0000
0x00000060dbbfed40:   00000060dbbfedb8 00007fff761441fb
0x00000060dbbfed50:   0000000000000000 00000060dbbfedc8
0x00000060dbbfed60:   00000060dbbff0a0 00007fff76220e40
0x00000060dbbfed70:   0000000000000001 00007fff761441b4
0x00000060dbbfed80:   0000000000000000 0000000000000001
0x00000060dbbfed90:   00007fff00000001 00000060dbbfedb8
0x00000060dbbfeda0:   0000000000000000 00007fff345f3bcd
0x00000060dbbfedb0:   00007fff34609f88 00007fff00000002
0x00000060dbbfedc0:   0000000000000002 00000060dbbfedb0 

Instructions: (pc=0x00007fff345f6407)
0x00007fff345f6307:   8b 4d 58 e8 7d cf ff ff 48 8b 4d 60 e8 74 cf ff
0x00007fff345f6317:   ff 48 8b 95 80 00 00 00 48 8b 8d 18 01 00 00 e8
0x00007fff345f6327:   66 c4 ff ff 33 d2 33 c9 e8 bc e1 ff ff 90 48 89
0x00007fff345f6337:   54 24 10 55 48 83 ec 20 48 8b ea 48 b8 00 00 00
0x00007fff345f6347:   00 00 00 00 00 48 83 c4 20 5d c3 cc 40 55 48 8b
0x00007fff345f6357:   ea 48 8b 01 33 c9 81 38 05 00 00 c0 0f 94 c1 8b
0x00007fff345f6367:   c1 5d c3 cc 40 55 48 83 ec 20 48 8b ea 8a 4d 40
0x00007fff345f6377:   48 83 c4 20 5d e9 63 d3 ff ff cc 40 55 48 83 ec
0x00007fff345f6387:   20 48 8b ea 8a 4d 20 e8 51 d3 ff ff 90 48 83 c4
0x00007fff345f6397:   20 5d c3 cc 40 55 48 83 ec 20 48 8b ea 48 83 c4
0x00007fff345f63a7:   20 5d e9 b2 d1 ff ff cc 40 55 48 83 ec 30 48 8b
0x00007fff345f63b7:   ea 48 8b 01 8b 10 48 89 4c 24 28 89 54 24 20 4c
0x00007fff345f63c7:   8d 0d 53 d6 ff ff 4c 8b 45 70 8b 55 68 48 8b 4d
0x00007fff345f63d7:   60 e8 f3 d0 ff ff 90 48 83 c4 30 5d c3 cc cc cc
0x00007fff345f63e7:   cc cc cc cc cc cc cc cc cc 40 53 48 83 ec 20 48
0x00007fff345f63f7:   8b 1d 8b 35 01 00 48 85 db 74 16 e8 79 8b ff ff
0x00007fff345f6407:   4c 8b 00 48 8b d3 48 8b c8 41 ff 90 b0 00 00 00
0x00007fff345f6417:   90 48 83 c4 20 5b c3 cc cc 40 53 48 83 ec 20 48
0x00007fff345f6427:   8b 1d fb 36 01 00 48 85 db 74 57 b8 ff ff ff ff
0x00007fff345f6437:   f0 0f c1 43 10 83 f8 01 75 3d 48 85 db 74 38 48
0x00007fff345f6447:   8b 0b 48 85 c9 74 0d ff 15 54 0e 00 00 48 c7 03
0x00007fff345f6457:   00 00 00 00 48 8b 4b 08 48 85 c9 74 0d e8 23 ce
0x00007fff345f6467:   ff ff 48 c7 43 08 00 00 00 00 ba 18 00 00 00 48
0x00007fff345f6477:   8b cb e8 0e ce ff ff 48 c7 05 9f 36 01 00 00 00
0x00007fff345f6487:   00 00 48 83 c4 20 5b c3 cc 40 53 48 83 ec 20 48
0x00007fff345f6497:   8b 1d 6b 36 01 00 48 85 db 74 57 b8 ff ff ff ff
0x00007fff345f64a7:   f0 0f c1 43 10 83 f8 01 75 3d 48 85 db 74 38 48
0x00007fff345f64b7:   8b 0b 48 85 c9 74 0d ff 15 e4 0d 00 00 48 c7 03
0x00007fff345f64c7:   00 00 00 00 48 8b 4b 08 48 85 c9 74 0d e8 b3 cd
0x00007fff345f64d7:   ff ff 48 c7 43 08 00 00 00 00 ba 18 00 00 00 48
0x00007fff345f64e7:   8b cb e8 9e cd ff ff 48 c7 05 0f 36 01 00 00 00
0x00007fff345f64f7:   00 00 48 83 c4 20 5b c3 cc 40 53 48 83 ec 20 48 


Stack slot to memory mapping:
stack at sp + 0 slots: 0x0 is NULL
stack at sp + 1 slots: 0x0000020135fc0d70 points into unknown readable memory: 0x03ff851554fac1cb | cb c1 fa 54 15 85 ff 03
stack at sp + 2 slots: 0x00000060dc5ff290 is pointing into the stack for thread: 0x000002013c2ef000
stack at sp + 3 slots: 0x00007fff345f3d40 glass.dll
stack at sp + 4 slots: 0x0000020135fc0d78 points into unknown readable memory: 0x00007cb7ad3801cb | cb 01 38 ad b7 7c 00 00
stack at sp + 5 slots: 0x00007fff761442d6 ucrtbase.dll
stack at sp + 6 slots: 0x00007cb7ad3801cb is an unknown value
stack at sp + 7 slots: 0x0000020100000000 is an unknown value

VM_Operation (0x00000060dc5ff290): Exit, mode: safepoint, requested by thread 0x000002013c2ef000


---------------  P R O C E S S  ---------------

Threads class SMR info:
_java_thread_list=0x00000201367fe160, length=19, elements={
0x000002010ec24800, 0x000002013497d000, 0x0000020134974000, 0x000002013498a000,
0x000002013498c800, 0x000002013498d800, 0x0000020135276800, 0x0000020135283000,
0x000002013528e000, 0x0000020134924000, 0x0000020135b15800, 0x0000020135d9c000,
0x0000020136388000, 0x0000020136397000, 0x0000020136239800, 0x000002013623a000,
0x0000020136636800, 0x0000020136601800, 0x000002013c2ef000
}

Java Threads: ( => current thread )
  0x000002010ec24800 JavaThread "main" [_thread_blocked, id=11040, stack(0x00000060db500000,0x00000060db600000)]
  0x000002013497d000 JavaThread "Reference Handler" daemon [_thread_blocked, id=17040, stack(0x00000060dbc00000,0x00000060dbd00000)]
  0x0000020134974000 JavaThread "Finalizer" daemon [_thread_blocked, id=27952, stack(0x00000060dbd00000,0x00000060dbe00000)]
  0x000002013498a000 JavaThread "Signal Dispatcher" daemon [_thread_blocked, id=28764, stack(0x00000060dbe00000,0x00000060dbf00000)]
  0x000002013498c800 JavaThread "Attach Listener" daemon [_thread_blocked, id=28292, stack(0x00000060dbf00000,0x00000060dc000000)]
  0x000002013498d800 JavaThread "Service Thread" daemon [_thread_blocked, id=20444, stack(0x00000060dc000000,0x00000060dc100000)]
  0x0000020135276800 JavaThread "C2 CompilerThread0" daemon [_thread_blocked, id=27632, stack(0x00000060dc100000,0x00000060dc200000)]
  0x0000020135283000 JavaThread "C1 CompilerThread0" daemon [_thread_blocked, id=27744, stack(0x00000060dc200000,0x00000060dc300000)]
  0x000002013528e000 JavaThread "Sweeper thread" daemon [_thread_blocked, id=29508, stack(0x00000060dc300000,0x00000060dc400000)]
  0x0000020134924000 JavaThread "Common-Cleaner" daemon [_thread_blocked, id=7140, stack(0x00000060dc400000,0x00000060dc500000)]
  0x0000020135b15800 JavaThread "Monitor Ctrl-Break" daemon [_thread_in_native, id=22356, stack(0x00000060dc700000,0x00000060dc800000)]
  0x0000020135d9c000 JavaThread "QuantumRenderer-0" daemon [_thread_blocked, id=23344, stack(0x00000060dc900000,0x00000060dca00000)]
  0x0000020136388000 JavaThread "InvokeLaterDispatcher" daemon [_thread_blocked, id=2036, stack(0x00000060dca00000,0x00000060dcb00000)]
  0x0000020136397000 JavaThread "JavaFX Application Thread" [_thread_blocked, id=15888, stack(0x00000060dcb00000,0x00000060dcc00000)]
  0x0000020136239800 JavaThread "Thread-2" daemon [_thread_in_native, id=11628, stack(0x00000060dd400000,0x00000060dd500000)]
  0x000002013623a000 JavaThread "JavaFX-Launcher" [_thread_blocked, id=20004, stack(0x00000060dd500000,0x00000060dd600000)]
  0x0000020136636800 JavaThread "Prism Font Disposer" daemon [_thread_blocked, id=15148, stack(0x00000060dd900000,0x00000060dda00000)]
  0x0000020136601800 JavaThread "Cleaner-0" daemon [_thread_blocked, id=18868, stack(0x00000060ddc00000,0x00000060ddd00000)]
  0x000002013c2ef000 JavaThread "SIGINT handler" daemon [_thread_blocked, id=1000, stack(0x00000060dc500000,0x00000060dc600000)]

Other Threads:
=>0x000002013496b000 VMThread "VM Thread" [stack: 0x00000060dbb00000,0x00000060dbc00000] [id=6356]
  0x000002010ec3d000 GCTaskThread "GC Thread#0" [stack: 0x00000060db600000,0x00000060db700000] [id=28744]
  0x000002013618f800 GCTaskThread "GC Thread#1" [stack: 0x00000060dcf00000,0x00000060dd000000] [id=12412]
  0x000002013626f800 GCTaskThread "GC Thread#2" [stack: 0x00000060dd000000,0x00000060dd100000] [id=4352]
  0x0000020136270000 GCTaskThread "GC Thread#3" [stack: 0x00000060dd100000,0x00000060dd200000] [id=12636]
  0x000002013623e000 GCTaskThread "GC Thread#4" [stack: 0x00000060dd200000,0x00000060dd300000] [id=17940]
  0x00000201361b2800 GCTaskThread "GC Thread#5" [stack: 0x00000060dd300000,0x00000060dd400000] [id=4040]
  0x000002010ec94800 ConcurrentGCThread "G1 Main Marker" [stack: 0x00000060db700000,0x00000060db800000] [id=12628]
  0x000002010ec97000 ConcurrentGCThread "G1 Conc#0" [stack: 0x00000060db800000,0x00000060db900000] [id=26660]
  0x0000020136775000 ConcurrentGCThread "G1 Conc#1" [stack: 0x00000060dda00000,0x00000060ddb00000] [id=22916]
  0x0000020134847800 ConcurrentGCThread "G1 Refine#0" [stack: 0x00000060db900000,0x00000060dba00000] [id=28296]
  0x0000020134848800 ConcurrentGCThread "G1 Young RemSet Sampling" [stack: 0x00000060dba00000,0x00000060dbb00000] [id=29680]

Threads with active compile tasks:

VM state:at safepoint (shutting down)

VM Mutex/Monitor currently owned by a thread:  ([mutex/lock_event])
[0x000002010ec20c70] Threads_lock - owner thread: 0x000002013496b000

Heap address: 0x0000000701e00000, size: 4066 MB, Compressed Oops mode: Zero based, Oop shift amount: 3
Narrow klass base: 0x0000000800000000, Narrow klass shift: 0
Compressed class space size: 1073741824 Address: 0x0000000800000000

Heap:
 garbage-first heap   total 262144K, used 65755K [0x0000000701e00000, 0x0000000800000000)
  region size 1024K, 42 young (43008K), 6 survivors (6144K)
 Metaspace       used 38316K, capacity 39811K, committed 40140K, reserved 1083392K
  class space    used 4857K, capacity 5483K, committed 5580K, reserved 1048576K
Heap Regions: E=young(eden), S=young(survivor), O=old, HS=humongous(starts), HC=humongous(continues), CS=collection set, F=free, A=archive, TAMS=top-at-mark-start (previous, next)
|   0|0x0000000701e00000, 0x0000000701f00000, 0x0000000701f00000|100%|HS|  |TAMS 0x0000000701f00000, 0x0000000701e00000| Complete 
|   1|0x0000000701f00000, 0x0000000702000000, 0x0000000702000000|100%|HC|  |TAMS 0x0000000702000000, 0x0000000701f00000| Complete 
|   2|0x0000000702000000, 0x0000000702100000, 0x0000000702100000|100%|HC|  |TAMS 0x0000000702100000, 0x0000000702000000| Complete 
|   3|0x0000000702100000, 0x0000000702200000, 0x0000000702200000|100%|HC|  |TAMS 0x0000000702200000, 0x0000000702100000| Complete 
|   4|0x0000000702200000, 0x0000000702300000, 0x0000000702300000|100%|HC|  |TAMS 0x0000000702300000, 0x0000000702200000| Complete 
|   5|0x0000000702300000, 0x0000000702400000, 0x0000000702400000|100%|HC|  |TAMS 0x0000000702400000, 0x0000000702300000| Complete 
|   6|0x0000000702400000, 0x0000000702500000, 0x0000000702500000|100%|HC|  |TAMS 0x0000000702500000, 0x0000000702400000| Complete 
|   7|0x0000000702500000, 0x0000000702600000, 0x0000000702600000|100%|HC|  |TAMS 0x0000000702600000, 0x0000000702500000| Complete 
|   8|0x0000000702600000, 0x0000000702700000, 0x0000000702700000|100%|HC|  |TAMS 0x0000000702700000, 0x0000000702600000| Complete 
|   9|0x0000000702700000, 0x0000000702800000, 0x0000000702800000|100%|HC|  |TAMS 0x0000000702800000, 0x0000000702700000| Complete 
|  10|0x0000000702800000, 0x0000000702900000, 0x0000000702900000|100%|HC|  |TAMS 0x0000000702900000, 0x0000000702800000| Complete 
|  11|0x0000000702900000, 0x0000000702a00000, 0x0000000702a00000|100%|HC|  |TAMS 0x0000000702a00000, 0x0000000702900000| Complete 
|  12|0x0000000702a00000, 0x0000000702b00000, 0x0000000702b00000|100%|HC|  |TAMS 0x0000000702b00000, 0x0000000702a00000| Complete 
|  13|0x0000000702b00000, 0x0000000702c00000, 0x0000000702c00000|100%|HC|  |TAMS 0x0000000702c00000, 0x0000000702b00000| Complete 
|  14|0x0000000702c00000, 0x0000000702d00000, 0x0000000702d00000|100%|HC|  |TAMS 0x0000000702d00000, 0x0000000702c00000| Complete 
|  15|0x0000000702d00000, 0x0000000702e00000, 0x0000000702e00000|100%|HS|  |TAMS 0x0000000702e00000, 0x0000000702d00000| Complete 
|  16|0x0000000702e00000, 0x0000000702f00000, 0x0000000702f00000|100%|HC|  |TAMS 0x0000000702f00000, 0x0000000702e00000| Complete 
|  17|0x0000000702f00000, 0x0000000703000000, 0x0000000703000000|100%| O|  |TAMS 0x0000000703000000, 0x0000000702f00000| Untracked 
|  18|0x0000000703000000, 0x0000000703100000, 0x0000000703100000|100%| O|  |TAMS 0x0000000703100000, 0x0000000703000000| Untracked 
|  19|0x0000000703100000, 0x0000000703200000, 0x0000000703200000|100%| O|  |TAMS 0x0000000703200000, 0x0000000703100000| Untracked 
|  20|0x0000000703200000, 0x0000000703300000, 0x0000000703300000|100%| O|  |TAMS 0x0000000703300000, 0x0000000703200000| Untracked 
|  21|0x0000000703300000, 0x0000000703400000, 0x0000000703400000|100%| O|  |TAMS 0x0000000703400000, 0x0000000703300000| Untracked 
|  22|0x0000000703400000, 0x0000000703500000, 0x0000000703500000|100%| O|  |TAMS 0x0000000703500000, 0x0000000703400000| Untracked 
|  23|0x0000000703500000, 0x000000070359ce00, 0x0000000703600000| 61%| O|  |TAMS 0x000000070359ce00, 0x0000000703500000| Untracked 
|  24|0x0000000703600000, 0x0000000703600000, 0x0000000703700000|  0%| F|  |TAMS 0x0000000703600000, 0x0000000703600000| Untracked 
|  25|0x0000000703700000, 0x0000000703700000, 0x0000000703800000|  0%| F|  |TAMS 0x0000000703700000, 0x0000000703700000| Untracked 
|  26|0x0000000703800000, 0x0000000703800000, 0x0000000703900000|  0%| F|  |TAMS 0x0000000703800000, 0x0000000703800000| Untracked 
|  27|0x0000000703900000, 0x0000000703900000, 0x0000000703a00000|  0%| F|  |TAMS 0x0000000703900000, 0x0000000703900000| Untracked 
|  28|0x0000000703a00000, 0x0000000703a00000, 0x0000000703b00000|  0%| F|  |TAMS 0x0000000703a00000, 0x0000000703a00000| Untracked 
|  29|0x0000000703b00000, 0x0000000703b00000, 0x0000000703c00000|  0%| F|  |TAMS 0x0000000703b00000, 0x0000000703b00000| Untracked 
|  30|0x0000000703c00000, 0x0000000703c00000, 0x0000000703d00000|  0%| F|  |TAMS 0x0000000703c00000, 0x0000000703c00000| Untracked 
|  31|0x0000000703d00000, 0x0000000703d00000, 0x0000000703e00000|  0%| F|  |TAMS 0x0000000703d00000, 0x0000000703d00000| Untracked 
|  32|0x0000000703e00000, 0x0000000703e00000, 0x0000000703f00000|  0%| F|  |TAMS 0x0000000703e00000, 0x0000000703e00000| Untracked 
|  33|0x0000000703f00000, 0x0000000703f00000, 0x0000000704000000|  0%| F|  |TAMS 0x0000000703f00000, 0x0000000703f00000| Untracked 
|  34|0x0000000704000000, 0x0000000704000000, 0x0000000704100000|  0%| F|  |TAMS 0x0000000704000000, 0x0000000704000000| Untracked 
|  35|0x0000000704100000, 0x0000000704100000, 0x0000000704200000|  0%| F|  |TAMS 0x0000000704100000, 0x0000000704100000| Untracked 
|  36|0x0000000704200000, 0x0000000704200000, 0x0000000704300000|  0%| F|  |TAMS 0x0000000704200000, 0x0000000704200000| Untracked 
|  37|0x0000000704300000, 0x0000000704300000, 0x0000000704400000|  0%| F|  |TAMS 0x0000000704300000, 0x0000000704300000| Untracked 
|  38|0x0000000704400000, 0x0000000704400000, 0x0000000704500000|  0%| F|  |TAMS 0x0000000704400000, 0x0000000704400000| Untracked 
|  39|0x0000000704500000, 0x0000000704500000, 0x0000000704600000|  0%| F|  |TAMS 0x0000000704500000, 0x0000000704500000| Untracked 
|  40|0x0000000704600000, 0x0000000704600000, 0x0000000704700000|  0%| F|  |TAMS 0x0000000704600000, 0x0000000704600000| Untracked 
|  41|0x0000000704700000, 0x0000000704700000, 0x0000000704800000|  0%| F|  |TAMS 0x0000000704700000, 0x0000000704700000| Untracked 
|  42|0x0000000704800000, 0x0000000704800000, 0x0000000704900000|  0%| F|  |TAMS 0x0000000704800000, 0x0000000704800000| Untracked 
|  43|0x0000000704900000, 0x0000000704900000, 0x0000000704a00000|  0%| F|  |TAMS 0x0000000704900000, 0x0000000704900000| Untracked 
|  44|0x0000000704a00000, 0x0000000704a00000, 0x0000000704b00000|  0%| F|  |TAMS 0x0000000704a00000, 0x0000000704a00000| Untracked 
|  45|0x0000000704b00000, 0x0000000704b00000, 0x0000000704c00000|  0%| F|  |TAMS 0x0000000704b00000, 0x0000000704b00000| Untracked 
|  46|0x0000000704c00000, 0x0000000704c00000, 0x0000000704d00000|  0%| F|  |TAMS 0x0000000704c00000, 0x0000000704c00000| Untracked 
|  47|0x0000000704d00000, 0x0000000704d00000, 0x0000000704e00000|  0%| F|  |TAMS 0x0000000704d00000, 0x0000000704d00000| Untracked 
|  48|0x0000000704e00000, 0x0000000704e00000, 0x0000000704f00000|  0%| F|  |TAMS 0x0000000704e00000, 0x0000000704e00000| Untracked 
|  49|0x0000000704f00000, 0x0000000704f00000, 0x0000000705000000|  0%| F|  |TAMS 0x0000000704f00000, 0x0000000704f00000| Untracked 
|  50|0x0000000705000000, 0x0000000705000000, 0x0000000705100000|  0%| F|  |TAMS 0x0000000705000000, 0x0000000705000000| Untracked 
|  51|0x0000000705100000, 0x0000000705100000, 0x0000000705200000|  0%| F|  |TAMS 0x0000000705100000, 0x0000000705100000| Untracked 
|  52|0x0000000705200000, 0x0000000705200000, 0x0000000705300000|  0%| F|  |TAMS 0x0000000705200000, 0x0000000705200000| Untracked 
|  53|0x0000000705300000, 0x0000000705300000, 0x0000000705400000|  0%| F|  |TAMS 0x0000000705300000, 0x0000000705300000| Untracked 
|  54|0x0000000705400000, 0x0000000705400000, 0x0000000705500000|  0%| F|  |TAMS 0x0000000705400000, 0x0000000705400000| Untracked 
|  55|0x0000000705500000, 0x0000000705500000, 0x0000000705600000|  0%| F|  |TAMS 0x0000000705500000, 0x0000000705500000| Untracked 
|  56|0x0000000705600000, 0x0000000705600000, 0x0000000705700000|  0%| F|  |TAMS 0x0000000705600000, 0x0000000705600000| Untracked 
|  57|0x0000000705700000, 0x0000000705700000, 0x0000000705800000|  0%| F|  |TAMS 0x0000000705700000, 0x0000000705700000| Untracked 
|  58|0x0000000705800000, 0x0000000705800000, 0x0000000705900000|  0%| F|  |TAMS 0x0000000705800000, 0x0000000705800000| Untracked 
|  59|0x0000000705900000, 0x0000000705900000, 0x0000000705a00000|  0%| F|  |TAMS 0x0000000705900000, 0x0000000705900000| Untracked 
|  60|0x0000000705a00000, 0x0000000705a00000, 0x0000000705b00000|  0%| F|  |TAMS 0x0000000705a00000, 0x0000000705a00000| Untracked 
|  61|0x0000000705b00000, 0x0000000705b00000, 0x0000000705c00000|  0%| F|  |TAMS 0x0000000705b00000, 0x0000000705b00000| Untracked 
|  62|0x0000000705c00000, 0x0000000705c00000, 0x0000000705d00000|  0%| F|  |TAMS 0x0000000705c00000, 0x0000000705c00000| Untracked 
|  63|0x0000000705d00000, 0x0000000705d00000, 0x0000000705e00000|  0%| F|  |TAMS 0x0000000705d00000, 0x0000000705d00000| Untracked 
|  64|0x0000000705e00000, 0x0000000705e00000, 0x0000000705f00000|  0%| F|  |TAMS 0x0000000705e00000, 0x0000000705e00000| Untracked 
|  65|0x0000000705f00000, 0x0000000705f00000, 0x0000000706000000|  0%| F|  |TAMS 0x0000000705f00000, 0x0000000705f00000| Untracked 
|  66|0x0000000706000000, 0x0000000706000000, 0x0000000706100000|  0%| F|  |TAMS 0x0000000706000000, 0x0000000706000000| Untracked 
|  67|0x0000000706100000, 0x0000000706100000, 0x0000000706200000|  0%| F|  |TAMS 0x0000000706100000, 0x0000000706100000| Untracked 
|  68|0x0000000706200000, 0x0000000706200000, 0x0000000706300000|  0%| F|  |TAMS 0x0000000706200000, 0x0000000706200000| Untracked 
|  69|0x0000000706300000, 0x0000000706300000, 0x0000000706400000|  0%| F|  |TAMS 0x0000000706300000, 0x0000000706300000| Untracked 
|  70|0x0000000706400000, 0x0000000706400000, 0x0000000706500000|  0%| F|  |TAMS 0x0000000706400000, 0x0000000706400000| Untracked 
|  71|0x0000000706500000, 0x0000000706500000, 0x0000000706600000|  0%| F|  |TAMS 0x0000000706500000, 0x0000000706500000| Untracked 
|  72|0x0000000706600000, 0x0000000706600000, 0x0000000706700000|  0%| F|  |TAMS 0x0000000706600000, 0x0000000706600000| Untracked 
|  73|0x0000000706700000, 0x0000000706700000, 0x0000000706800000|  0%| F|  |TAMS 0x0000000706700000, 0x0000000706700000| Untracked 
|  74|0x0000000706800000, 0x0000000706800000, 0x0000000706900000|  0%| F|  |TAMS 0x0000000706800000, 0x0000000706800000| Untracked 
|  75|0x0000000706900000, 0x0000000706900000, 0x0000000706a00000|  0%| F|  |TAMS 0x0000000706900000, 0x0000000706900000| Untracked 
|  76|0x0000000706a00000, 0x0000000706a00000, 0x0000000706b00000|  0%| F|  |TAMS 0x0000000706a00000, 0x0000000706a00000| Untracked 
|  77|0x0000000706b00000, 0x0000000706b00000, 0x0000000706c00000|  0%| F|  |TAMS 0x0000000706b00000, 0x0000000706b00000| Untracked 
|  78|0x0000000706c00000, 0x0000000706c00000, 0x0000000706d00000|  0%| F|  |TAMS 0x0000000706c00000, 0x0000000706c00000| Untracked 
|  79|0x0000000706d00000, 0x0000000706d00000, 0x0000000706e00000|  0%| F|  |TAMS 0x0000000706d00000, 0x0000000706d00000| Untracked 
|  80|0x0000000706e00000, 0x0000000706e00000, 0x0000000706f00000|  0%| F|  |TAMS 0x0000000706e00000, 0x0000000706e00000| Untracked 
|  81|0x0000000706f00000, 0x0000000706f00000, 0x0000000707000000|  0%| F|  |TAMS 0x0000000706f00000, 0x0000000706f00000| Untracked 
|  82|0x0000000707000000, 0x0000000707000000, 0x0000000707100000|  0%| F|  |TAMS 0x0000000707000000, 0x0000000707000000| Untracked 
|  83|0x0000000707100000, 0x0000000707100000, 0x0000000707200000|  0%| F|  |TAMS 0x0000000707100000, 0x0000000707100000| Untracked 
|  84|0x0000000707200000, 0x0000000707200000, 0x0000000707300000|  0%| F|  |TAMS 0x0000000707200000, 0x0000000707200000| Untracked 
|  85|0x0000000707300000, 0x0000000707300000, 0x0000000707400000|  0%| F|  |TAMS 0x0000000707300000, 0x0000000707300000| Untracked 
|  86|0x0000000707400000, 0x0000000707400000, 0x0000000707500000|  0%| F|  |TAMS 0x0000000707400000, 0x0000000707400000| Untracked 
|  87|0x0000000707500000, 0x0000000707500000, 0x0000000707600000|  0%| F|  |TAMS 0x0000000707500000, 0x0000000707500000| Untracked 
|  88|0x0000000707600000, 0x0000000707600000, 0x0000000707700000|  0%| F|  |TAMS 0x0000000707600000, 0x0000000707600000| Untracked 
|  89|0x0000000707700000, 0x0000000707700000, 0x0000000707800000|  0%| F|  |TAMS 0x0000000707700000, 0x0000000707700000| Untracked 
|  90|0x0000000707800000, 0x0000000707800000, 0x0000000707900000|  0%| F|  |TAMS 0x0000000707800000, 0x0000000707800000| Untracked 
|  91|0x0000000707900000, 0x0000000707900000, 0x0000000707a00000|  0%| F|  |TAMS 0x0000000707900000, 0x0000000707900000| Untracked 
|  92|0x0000000707a00000, 0x0000000707a00000, 0x0000000707b00000|  0%| F|  |TAMS 0x0000000707a00000, 0x0000000707a00000| Untracked 
|  93|0x0000000707b00000, 0x0000000707b00000, 0x0000000707c00000|  0%| F|  |TAMS 0x0000000707b00000, 0x0000000707b00000| Untracked 
|  94|0x0000000707c00000, 0x0000000707c00000, 0x0000000707d00000|  0%| F|  |TAMS 0x0000000707c00000, 0x0000000707c00000| Untracked 
|  95|0x0000000707d00000, 0x0000000707d00000, 0x0000000707e00000|  0%| F|  |TAMS 0x0000000707d00000, 0x0000000707d00000| Untracked 
|  96|0x0000000707e00000, 0x0000000707e00000, 0x0000000707f00000|  0%| F|  |TAMS 0x0000000707e00000, 0x0000000707e00000| Untracked 
|  97|0x0000000707f00000, 0x0000000707f00000, 0x0000000708000000|  0%| F|  |TAMS 0x0000000707f00000, 0x0000000707f00000| Untracked 
|  98|0x0000000708000000, 0x0000000708000000, 0x0000000708100000|  0%| F|  |TAMS 0x0000000708000000, 0x0000000708000000| Untracked 
|  99|0x0000000708100000, 0x0000000708100000, 0x0000000708200000|  0%| F|  |TAMS 0x0000000708100000, 0x0000000708100000| Untracked 
| 100|0x0000000708200000, 0x0000000708200000, 0x0000000708300000|  0%| F|  |TAMS 0x0000000708200000, 0x0000000708200000| Untracked 
| 101|0x0000000708300000, 0x0000000708300000, 0x0000000708400000|  0%| F|  |TAMS 0x0000000708300000, 0x0000000708300000| Untracked 
| 102|0x0000000708400000, 0x0000000708400000, 0x0000000708500000|  0%| F|  |TAMS 0x0000000708400000, 0x0000000708400000| Untracked 
| 103|0x0000000708500000, 0x0000000708500000, 0x0000000708600000|  0%| F|  |TAMS 0x0000000708500000, 0x0000000708500000| Untracked 
| 104|0x0000000708600000, 0x0000000708600000, 0x0000000708700000|  0%| F|  |TAMS 0x0000000708600000, 0x0000000708600000| Untracked 
| 105|0x0000000708700000, 0x0000000708700000, 0x0000000708800000|  0%| F|  |TAMS 0x0000000708700000, 0x0000000708700000| Untracked 
| 106|0x0000000708800000, 0x0000000708800000, 0x0000000708900000|  0%| F|  |TAMS 0x0000000708800000, 0x0000000708800000| Untracked 
| 107|0x0000000708900000, 0x0000000708900000, 0x0000000708a00000|  0%| F|  |TAMS 0x0000000708900000, 0x0000000708900000| Untracked 
| 108|0x0000000708a00000, 0x0000000708a00000, 0x0000000708b00000|  0%| F|  |TAMS 0x0000000708a00000, 0x0000000708a00000| Untracked 
| 109|0x0000000708b00000, 0x0000000708b00000, 0x0000000708c00000|  0%| F|  |TAMS 0x0000000708b00000, 0x0000000708b00000| Untracked 
| 110|0x0000000708c00000, 0x0000000708c00000, 0x0000000708d00000|  0%| F|  |TAMS 0x0000000708c00000, 0x0000000708c00000| Untracked 
| 111|0x0000000708d00000, 0x0000000708d00000, 0x0000000708e00000|  0%| F|  |TAMS 0x0000000708d00000, 0x0000000708d00000| Untracked 
| 112|0x0000000708e00000, 0x0000000708e00000, 0x0000000708f00000|  0%| F|  |TAMS 0x0000000708e00000, 0x0000000708e00000| Untracked 
| 113|0x0000000708f00000, 0x0000000708f00000, 0x0000000709000000|  0%| F|  |TAMS 0x0000000708f00000, 0x0000000708f00000| Untracked 
| 114|0x0000000709000000, 0x0000000709000000, 0x0000000709100000|  0%| F|  |TAMS 0x0000000709000000, 0x0000000709000000| Untracked 
| 115|0x0000000709100000, 0x0000000709100000, 0x0000000709200000|  0%| F|  |TAMS 0x0000000709100000, 0x0000000709100000| Untracked 
| 116|0x0000000709200000, 0x0000000709200000, 0x0000000709300000|  0%| F|  |TAMS 0x0000000709200000, 0x0000000709200000| Untracked 
| 117|0x0000000709300000, 0x0000000709300000, 0x0000000709400000|  0%| F|  |TAMS 0x0000000709300000, 0x0000000709300000| Untracked 
| 118|0x0000000709400000, 0x0000000709400000, 0x0000000709500000|  0%| F|  |TAMS 0x0000000709400000, 0x0000000709400000| Untracked 
| 119|0x0000000709500000, 0x0000000709500000, 0x0000000709600000|  0%| F|  |TAMS 0x0000000709500000, 0x0000000709500000| Untracked 
| 120|0x0000000709600000, 0x0000000709600000, 0x0000000709700000|  0%| F|  |TAMS 0x0000000709600000, 0x0000000709600000| Untracked 
| 121|0x0000000709700000, 0x0000000709700000, 0x0000000709800000|  0%| F|  |TAMS 0x0000000709700000, 0x0000000709700000| Untracked 
| 122|0x0000000709800000, 0x0000000709800000, 0x0000000709900000|  0%| F|  |TAMS 0x0000000709800000, 0x0000000709800000| Untracked 
| 123|0x0000000709900000, 0x0000000709900000, 0x0000000709a00000|  0%| F|  |TAMS 0x0000000709900000, 0x0000000709900000| Untracked 
| 124|0x0000000709a00000, 0x0000000709a00000, 0x0000000709b00000|  0%| F|  |TAMS 0x0000000709a00000, 0x0000000709a00000| Untracked 
| 125|0x0000000709b00000, 0x0000000709b00000, 0x0000000709c00000|  0%| F|  |TAMS 0x0000000709b00000, 0x0000000709b00000| Untracked 
| 126|0x0000000709c00000, 0x0000000709c00000, 0x0000000709d00000|  0%| F|  |TAMS 0x0000000709c00000, 0x0000000709c00000| Untracked 
| 127|0x0000000709d00000, 0x0000000709d00000, 0x0000000709e00000|  0%| F|  |TAMS 0x0000000709d00000, 0x0000000709d00000| Untracked 
| 128|0x0000000709e00000, 0x0000000709e00000, 0x0000000709f00000|  0%| F|  |TAMS 0x0000000709e00000, 0x0000000709e00000| Untracked 
| 129|0x0000000709f00000, 0x0000000709f00000, 0x000000070a000000|  0%| F|  |TAMS 0x0000000709f00000, 0x0000000709f00000| Untracked 
| 130|0x000000070a000000, 0x000000070a000000, 0x000000070a100000|  0%| F|  |TAMS 0x000000070a000000, 0x000000070a000000| Untracked 
| 131|0x000000070a100000, 0x000000070a100000, 0x000000070a200000|  0%| F|  |TAMS 0x000000070a100000, 0x000000070a100000| Untracked 
| 132|0x000000070a200000, 0x000000070a200000, 0x000000070a300000|  0%| F|  |TAMS 0x000000070a200000, 0x000000070a200000| Untracked 
| 133|0x000000070a300000, 0x000000070a300000, 0x000000070a400000|  0%| F|  |TAMS 0x000000070a300000, 0x000000070a300000| Untracked 
| 134|0x000000070a400000, 0x000000070a400000, 0x000000070a500000|  0%| F|  |TAMS 0x000000070a400000, 0x000000070a400000| Untracked 
| 135|0x000000070a500000, 0x000000070a500000, 0x000000070a600000|  0%| F|  |TAMS 0x000000070a500000, 0x000000070a500000| Untracked 
| 136|0x000000070a600000, 0x000000070a600000, 0x000000070a700000|  0%| F|  |TAMS 0x000000070a600000, 0x000000070a600000| Untracked 
| 137|0x000000070a700000, 0x000000070a700000, 0x000000070a800000|  0%| F|  |TAMS 0x000000070a700000, 0x000000070a700000| Untracked 
| 138|0x000000070a800000, 0x000000070a800000, 0x000000070a900000|  0%| F|  |TAMS 0x000000070a800000, 0x000000070a800000| Untracked 
| 139|0x000000070a900000, 0x000000070a900000, 0x000000070aa00000|  0%| F|  |TAMS 0x000000070a900000, 0x000000070a900000| Untracked 
| 140|0x000000070aa00000, 0x000000070aa00000, 0x000000070ab00000|  0%| F|  |TAMS 0x000000070aa00000, 0x000000070aa00000| Untracked 
| 141|0x000000070ab00000, 0x000000070ab00000, 0x000000070ac00000|  0%| F|  |TAMS 0x000000070ab00000, 0x000000070ab00000| Untracked 
| 142|0x000000070ac00000, 0x000000070ac00000, 0x000000070ad00000|  0%| F|  |TAMS 0x000000070ac00000, 0x000000070ac00000| Untracked 
| 143|0x000000070ad00000, 0x000000070ad00000, 0x000000070ae00000|  0%| F|  |TAMS 0x000000070ad00000, 0x000000070ad00000| Untracked 
| 144|0x000000070ae00000, 0x000000070ae00000, 0x000000070af00000|  0%| F|  |TAMS 0x000000070ae00000, 0x000000070ae00000| Untracked 
| 145|0x000000070af00000, 0x000000070af00000, 0x000000070b000000|  0%| F|  |TAMS 0x000000070af00000, 0x000000070af00000| Untracked 
| 146|0x000000070b000000, 0x000000070b000000, 0x000000070b100000|  0%| F|  |TAMS 0x000000070b000000, 0x000000070b000000| Untracked 
| 147|0x000000070b100000, 0x000000070b100000, 0x000000070b200000|  0%| F|  |TAMS 0x000000070b100000, 0x000000070b100000| Untracked 
| 148|0x000000070b200000, 0x000000070b200000, 0x000000070b300000|  0%| F|  |TAMS 0x000000070b200000, 0x000000070b200000| Untracked 
| 149|0x000000070b300000, 0x000000070b300000, 0x000000070b400000|  0%| F|  |TAMS 0x000000070b300000, 0x000000070b300000| Untracked 
| 150|0x000000070b400000, 0x000000070b400000, 0x000000070b500000|  0%| F|  |TAMS 0x000000070b400000, 0x000000070b400000| Untracked 
| 151|0x000000070b500000, 0x000000070b500000, 0x000000070b600000|  0%| F|  |TAMS 0x000000070b500000, 0x000000070b500000| Untracked 
| 152|0x000000070b600000, 0x000000070b600000, 0x000000070b700000|  0%| F|  |TAMS 0x000000070b600000, 0x000000070b600000| Untracked 
| 153|0x000000070b700000, 0x000000070b700000, 0x000000070b800000|  0%| F|  |TAMS 0x000000070b700000, 0x000000070b700000| Untracked 
| 154|0x000000070b800000, 0x000000070b800000, 0x000000070b900000|  0%| F|  |TAMS 0x000000070b800000, 0x000000070b800000| Untracked 
| 155|0x000000070b900000, 0x000000070b900000, 0x000000070ba00000|  0%| F|  |TAMS 0x000000070b900000, 0x000000070b900000| Untracked 
| 156|0x000000070ba00000, 0x000000070ba00000, 0x000000070bb00000|  0%| F|  |TAMS 0x000000070ba00000, 0x000000070ba00000| Untracked 
| 157|0x000000070bb00000, 0x000000070bb00000, 0x000000070bc00000|  0%| F|  |TAMS 0x000000070bb00000, 0x000000070bb00000| Untracked 
| 158|0x000000070bc00000, 0x000000070bc00000, 0x000000070bd00000|  0%| F|  |TAMS 0x000000070bc00000, 0x000000070bc00000| Untracked 
| 159|0x000000070bd00000, 0x000000070bd00000, 0x000000070be00000|  0%| F|  |TAMS 0x000000070bd00000, 0x000000070bd00000| Untracked 
| 160|0x000000070be00000, 0x000000070be00000, 0x000000070bf00000|  0%| F|  |TAMS 0x000000070be00000, 0x000000070be00000| Untracked 
| 161|0x000000070bf00000, 0x000000070bf00000, 0x000000070c000000|  0%| F|  |TAMS 0x000000070bf00000, 0x000000070bf00000| Untracked 
| 162|0x000000070c000000, 0x000000070c000000, 0x000000070c100000|  0%| F|  |TAMS 0x000000070c000000, 0x000000070c000000| Untracked 
| 163|0x000000070c100000, 0x000000070c100000, 0x000000070c200000|  0%| F|  |TAMS 0x000000070c100000, 0x000000070c100000| Untracked 
| 164|0x000000070c200000, 0x000000070c200000, 0x000000070c300000|  0%| F|  |TAMS 0x000000070c200000, 0x000000070c200000| Untracked 
| 165|0x000000070c300000, 0x000000070c300000, 0x000000070c400000|  0%| F|  |TAMS 0x000000070c300000, 0x000000070c300000| Untracked 
| 166|0x000000070c400000, 0x000000070c400000, 0x000000070c500000|  0%| F|  |TAMS 0x000000070c400000, 0x000000070c400000| Untracked 
| 167|0x000000070c500000, 0x000000070c500000, 0x000000070c600000|  0%| F|  |TAMS 0x000000070c500000, 0x000000070c500000| Untracked 
| 168|0x000000070c600000, 0x000000070c600000, 0x000000070c700000|  0%| F|  |TAMS 0x000000070c600000, 0x000000070c600000| Untracked 
| 169|0x000000070c700000, 0x000000070c700000, 0x000000070c800000|  0%| F|  |TAMS 0x000000070c700000, 0x000000070c700000| Untracked 
| 170|0x000000070c800000, 0x000000070c800000, 0x000000070c900000|  0%| F|  |TAMS 0x000000070c800000, 0x000000070c800000| Untracked 
| 171|0x000000070c900000, 0x000000070c900000, 0x000000070ca00000|  0%| F|  |TAMS 0x000000070c900000, 0x000000070c900000| Untracked 
| 172|0x000000070ca00000, 0x000000070ca00000, 0x000000070cb00000|  0%| F|  |TAMS 0x000000070ca00000, 0x000000070ca00000| Untracked 
| 173|0x000000070cb00000, 0x000000070cb00000, 0x000000070cc00000|  0%| F|  |TAMS 0x000000070cb00000, 0x000000070cb00000| Untracked 
| 174|0x000000070cc00000, 0x000000070cc00000, 0x000000070cd00000|  0%| F|  |TAMS 0x000000070cc00000, 0x000000070cc00000| Untracked 
| 175|0x000000070cd00000, 0x000000070cd00000, 0x000000070ce00000|  0%| F|  |TAMS 0x000000070cd00000, 0x000000070cd00000| Untracked 
| 176|0x000000070ce00000, 0x000000070ce00000, 0x000000070cf00000|  0%| F|  |TAMS 0x000000070ce00000, 0x000000070ce00000| Untracked 
| 177|0x000000070cf00000, 0x000000070cf00000, 0x000000070d000000|  0%| F|  |TAMS 0x000000070cf00000, 0x000000070cf00000| Untracked 
| 178|0x000000070d000000, 0x000000070d000000, 0x000000070d100000|  0%| F|  |TAMS 0x000000070d000000, 0x000000070d000000| Untracked 
| 179|0x000000070d100000, 0x000000070d100000, 0x000000070d200000|  0%| F|  |TAMS 0x000000070d100000, 0x000000070d100000| Untracked 
| 180|0x000000070d200000, 0x000000070d200000, 0x000000070d300000|  0%| F|  |TAMS 0x000000070d200000, 0x000000070d200000| Untracked 
| 181|0x000000070d300000, 0x000000070d300000, 0x000000070d400000|  0%| F|  |TAMS 0x000000070d300000, 0x000000070d300000| Untracked 
| 182|0x000000070d400000, 0x000000070d400000, 0x000000070d500000|  0%| F|  |TAMS 0x000000070d400000, 0x000000070d400000| Untracked 
| 183|0x000000070d500000, 0x000000070d500000, 0x000000070d600000|  0%| F|  |TAMS 0x000000070d500000, 0x000000070d500000| Untracked 
| 184|0x000000070d600000, 0x000000070d600000, 0x000000070d700000|  0%| F|  |TAMS 0x000000070d600000, 0x000000070d600000| Untracked 
| 185|0x000000070d700000, 0x000000070d700000, 0x000000070d800000|  0%| F|  |TAMS 0x000000070d700000, 0x000000070d700000| Untracked 
| 186|0x000000070d800000, 0x000000070d800000, 0x000000070d900000|  0%| F|  |TAMS 0x000000070d800000, 0x000000070d800000| Untracked 
| 187|0x000000070d900000, 0x000000070d900000, 0x000000070da00000|  0%| F|  |TAMS 0x000000070d900000, 0x000000070d900000| Untracked 
| 188|0x000000070da00000, 0x000000070da00000, 0x000000070db00000|  0%| F|  |TAMS 0x000000070da00000, 0x000000070da00000| Untracked 
| 189|0x000000070db00000, 0x000000070db00000, 0x000000070dc00000|  0%| F|  |TAMS 0x000000070db00000, 0x000000070db00000| Untracked 
| 190|0x000000070dc00000, 0x000000070dc00000, 0x000000070dd00000|  0%| F|  |TAMS 0x000000070dc00000, 0x000000070dc00000| Untracked 
| 191|0x000000070dd00000, 0x000000070dd00000, 0x000000070de00000|  0%| F|  |TAMS 0x000000070dd00000, 0x000000070dd00000| Untracked 
| 192|0x000000070de00000, 0x000000070de00000, 0x000000070df00000|  0%| F|  |TAMS 0x000000070de00000, 0x000000070de00000| Untracked 
| 193|0x000000070df00000, 0x000000070df00000, 0x000000070e000000|  0%| F|  |TAMS 0x000000070df00000, 0x000000070df00000| Untracked 
| 194|0x000000070e000000, 0x000000070e000000, 0x000000070e100000|  0%| F|  |TAMS 0x000000070e000000, 0x000000070e000000| Untracked 
| 195|0x000000070e100000, 0x000000070e100000, 0x000000070e200000|  0%| F|  |TAMS 0x000000070e100000, 0x000000070e100000| Untracked 
| 196|0x000000070e200000, 0x000000070e200000, 0x000000070e300000|  0%| F|  |TAMS 0x000000070e200000, 0x000000070e200000| Untracked 
| 197|0x000000070e300000, 0x000000070e300000, 0x000000070e400000|  0%| F|  |TAMS 0x000000070e300000, 0x000000070e300000| Untracked 
| 198|0x000000070e400000, 0x000000070e400000, 0x000000070e500000|  0%| F|  |TAMS 0x000000070e400000, 0x000000070e400000| Untracked 
| 199|0x000000070e500000, 0x000000070e500000, 0x000000070e600000|  0%| F|  |TAMS 0x000000070e500000, 0x000000070e500000| Untracked 
| 200|0x000000070e600000, 0x000000070e600000, 0x000000070e700000|  0%| F|  |TAMS 0x000000070e600000, 0x000000070e600000| Untracked 
| 201|0x000000070e700000, 0x000000070e700000, 0x000000070e800000|  0%| F|  |TAMS 0x000000070e700000, 0x000000070e700000| Untracked 
| 202|0x000000070e800000, 0x000000070e800000, 0x000000070e900000|  0%| F|  |TAMS 0x000000070e800000, 0x000000070e800000| Untracked 
| 203|0x000000070e900000, 0x000000070e900000, 0x000000070ea00000|  0%| F|  |TAMS 0x000000070e900000, 0x000000070e900000| Untracked 
| 204|0x000000070ea00000, 0x000000070ea00000, 0x000000070eb00000|  0%| F|  |TAMS 0x000000070ea00000, 0x000000070ea00000| Untracked 
| 205|0x000000070eb00000, 0x000000070eb00000, 0x000000070ec00000|  0%| F|  |TAMS 0x000000070eb00000, 0x000000070eb00000| Untracked 
| 206|0x000000070ec00000, 0x000000070ec00000, 0x000000070ed00000|  0%| F|  |TAMS 0x000000070ec00000, 0x000000070ec00000| Untracked 
| 207|0x000000070ed00000, 0x000000070ed00000, 0x000000070ee00000|  0%| F|  |TAMS 0x000000070ed00000, 0x000000070ed00000| Untracked 
| 208|0x000000070ee00000, 0x000000070ee00000, 0x000000070ef00000|  0%| F|  |TAMS 0x000000070ee00000, 0x000000070ee00000| Untracked 
| 209|0x000000070ef00000, 0x000000070ef00000, 0x000000070f000000|  0%| F|  |TAMS 0x000000070ef00000, 0x000000070ef00000| Untracked 
| 210|0x000000070f000000, 0x000000070f000000, 0x000000070f100000|  0%| F|  |TAMS 0x000000070f000000, 0x000000070f000000| Untracked 
| 211|0x000000070f100000, 0x000000070f100000, 0x000000070f200000|  0%| F|  |TAMS 0x000000070f100000, 0x000000070f100000| Untracked 
| 212|0x000000070f200000, 0x000000070f200000, 0x000000070f300000|  0%| F|  |TAMS 0x000000070f200000, 0x000000070f200000| Untracked 
| 213|0x000000070f300000, 0x000000070f300000, 0x000000070f400000|  0%| F|  |TAMS 0x000000070f300000, 0x000000070f300000| Untracked 
| 214|0x000000070f400000, 0x000000070f4d16a8, 0x000000070f500000| 81%| E|  |TAMS 0x000000070f400000, 0x000000070f400000| Complete 
| 215|0x000000070f500000, 0x000000070f600000, 0x000000070f600000|100%| E|CS|TAMS 0x000000070f500000, 0x000000070f500000| Complete 
| 216|0x000000070f600000, 0x000000070f700000, 0x000000070f700000|100%| E|CS|TAMS 0x000000070f600000, 0x000000070f600000| Complete 
| 217|0x000000070f700000, 0x000000070f800000, 0x000000070f800000|100%| E|CS|TAMS 0x000000070f700000, 0x000000070f700000| Complete 
| 218|0x000000070f800000, 0x000000070f900000, 0x000000070f900000|100%| E|CS|TAMS 0x000000070f800000, 0x000000070f800000| Complete 
| 219|0x000000070f900000, 0x000000070fa00000, 0x000000070fa00000|100%| E|CS|TAMS 0x000000070f900000, 0x000000070f900000| Complete 
| 220|0x000000070fa00000, 0x000000070fb00000, 0x000000070fb00000|100%| E|CS|TAMS 0x000000070fa00000, 0x000000070fa00000| Complete 
| 221|0x000000070fb00000, 0x000000070fc00000, 0x000000070fc00000|100%| E|CS|TAMS 0x000000070fb00000, 0x000000070fb00000| Complete 
| 222|0x000000070fc00000, 0x000000070fd00000, 0x000000070fd00000|100%| E|CS|TAMS 0x000000070fc00000, 0x000000070fc00000| Complete 
| 223|0x000000070fd00000, 0x000000070fe00000, 0x000000070fe00000|100%| E|CS|TAMS 0x000000070fd00000, 0x000000070fd00000| Complete 
| 224|0x000000070fe00000, 0x000000070ff00000, 0x000000070ff00000|100%| E|CS|TAMS 0x000000070fe00000, 0x000000070fe00000| Complete 
| 225|0x000000070ff00000, 0x0000000710000000, 0x0000000710000000|100%| E|CS|TAMS 0x000000070ff00000, 0x000000070ff00000| Complete 
| 226|0x0000000710000000, 0x0000000710100000, 0x0000000710100000|100%| E|CS|TAMS 0x0000000710000000, 0x0000000710000000| Complete 
| 227|0x0000000710100000, 0x0000000710200000, 0x0000000710200000|100%| E|CS|TAMS 0x0000000710100000, 0x0000000710100000| Complete 
| 228|0x0000000710200000, 0x0000000710300000, 0x0000000710300000|100%| E|CS|TAMS 0x0000000710200000, 0x0000000710200000| Complete 
| 229|0x0000000710300000, 0x0000000710400000, 0x0000000710400000|100%| E|CS|TAMS 0x0000000710300000, 0x0000000710300000| Complete 
| 230|0x0000000710400000, 0x0000000710500000, 0x0000000710500000|100%| E|CS|TAMS 0x0000000710400000, 0x0000000710400000| Complete 
| 231|0x0000000710500000, 0x0000000710600000, 0x0000000710600000|100%| E|CS|TAMS 0x0000000710500000, 0x0000000710500000| Complete 
| 232|0x0000000710600000, 0x0000000710700000, 0x0000000710700000|100%| E|CS|TAMS 0x0000000710600000, 0x0000000710600000| Complete 
| 233|0x0000000710700000, 0x0000000710800000, 0x0000000710800000|100%| E|CS|TAMS 0x0000000710700000, 0x0000000710700000| Complete 
| 234|0x0000000710800000, 0x0000000710900000, 0x0000000710900000|100%| E|CS|TAMS 0x0000000710800000, 0x0000000710800000| Complete 
| 235|0x0000000710900000, 0x0000000710a00000, 0x0000000710a00000|100%| E|CS|TAMS 0x0000000710900000, 0x0000000710900000| Complete 
| 236|0x0000000710a00000, 0x0000000710b00000, 0x0000000710b00000|100%| E|CS|TAMS 0x0000000710a00000, 0x0000000710a00000| Complete 
| 237|0x0000000710b00000, 0x0000000710c00000, 0x0000000710c00000|100%| E|CS|TAMS 0x0000000710b00000, 0x0000000710b00000| Complete 
| 238|0x0000000710c00000, 0x0000000710d00000, 0x0000000710d00000|100%| E|CS|TAMS 0x0000000710c00000, 0x0000000710c00000| Complete 
| 239|0x0000000710d00000, 0x0000000710e00000, 0x0000000710e00000|100%| E|CS|TAMS 0x0000000710d00000, 0x0000000710d00000| Complete 
| 240|0x0000000710e00000, 0x0000000710f00000, 0x0000000710f00000|100%| E|CS|TAMS 0x0000000710e00000, 0x0000000710e00000| Complete 
| 241|0x0000000710f00000, 0x0000000710f99ef8, 0x0000000711000000| 60%| S|CS|TAMS 0x0000000710f00000, 0x0000000710f00000| Complete 
| 242|0x0000000711000000, 0x0000000711100000, 0x0000000711100000|100%| S|CS|TAMS 0x0000000711000000, 0x0000000711000000| Complete 
| 243|0x0000000711100000, 0x0000000711200000, 0x0000000711200000|100%| S|CS|TAMS 0x0000000711100000, 0x0000000711100000| Complete 
| 244|0x0000000711200000, 0x0000000711300000, 0x0000000711300000|100%| S|CS|TAMS 0x0000000711200000, 0x0000000711200000| Complete 
| 245|0x0000000711300000, 0x0000000711400000, 0x0000000711400000|100%| S|CS|TAMS 0x0000000711300000, 0x0000000711300000| Complete 
| 246|0x0000000711400000, 0x0000000711500000, 0x0000000711500000|100%| S|CS|TAMS 0x0000000711400000, 0x0000000711400000| Complete 
| 247|0x0000000711500000, 0x0000000711600000, 0x0000000711600000|100%| E|CS|TAMS 0x0000000711500000, 0x0000000711500000| Complete 
| 248|0x0000000711600000, 0x0000000711700000, 0x0000000711700000|100%| E|CS|TAMS 0x0000000711600000, 0x0000000711600000| Complete 
| 249|0x0000000711700000, 0x0000000711800000, 0x0000000711800000|100%| E|CS|TAMS 0x0000000711700000, 0x0000000711700000| Complete 
| 250|0x0000000711800000, 0x0000000711900000, 0x0000000711900000|100%| E|CS|TAMS 0x0000000711800000, 0x0000000711800000| Complete 
| 251|0x0000000711900000, 0x0000000711a00000, 0x0000000711a00000|100%| E|CS|TAMS 0x0000000711900000, 0x0000000711900000| Complete 
| 252|0x0000000711a00000, 0x0000000711b00000, 0x0000000711b00000|100%| E|CS|TAMS 0x0000000711a00000, 0x0000000711a00000| Complete 
| 253|0x0000000711b00000, 0x0000000711c00000, 0x0000000711c00000|100%| E|CS|TAMS 0x0000000711b00000, 0x0000000711b00000| Complete 
| 254|0x0000000711c00000, 0x0000000711d00000, 0x0000000711d00000|100%| E|CS|TAMS 0x0000000711c00000, 0x0000000711c00000| Complete 
| 255|0x0000000711d00000, 0x0000000711e00000, 0x0000000711e00000|100%| E|CS|TAMS 0x0000000711d00000, 0x0000000711d00000| Complete 

Card table byte_map: [0x0000020128ec0000,0x00000201296c0000] _byte_map_base: 0x00000201256b1000

Marking Bits (Prev, Next): (CMBitMap*) 0x000002010ec83ac8, (CMBitMap*) 0x000002010ec83b00
 Prev Bits: [0x0000020129ec0000, 0x000002012de48000)
 Next Bits: [0x000002012de50000, 0x0000020131dd8000)

Polling page: 0x000002010ed00000

Metaspace:

Usage:
  Non-class:     33.52 MB capacity,    32.67 MB ( 97%) used,   689.80 KB (  2%) free+waste,   179.19 KB ( <1%) overhead. 
      Class:      5.35 MB capacity,     4.74 MB ( 89%) used,   538.02 KB ( 10%) free+waste,    87.38 KB (  2%) overhead. 
       Both:     38.88 MB capacity,    37.42 MB ( 96%) used,     1.20 MB (  3%) free+waste,   266.56 KB ( <1%) overhead. 

Virtual space:
  Non-class space:       34.00 MB reserved,      33.75 MB (>99%) committed 
      Class space:        1.00 GB reserved,       5.45 MB ( <1%) committed 
             Both:        1.03 GB reserved,      39.20 MB (  4%) committed 

Chunk freelists:
   Non-Class:  40.00 KB
       Class:  0 bytes
        Both:  40.00 KB

MaxMetaspaceSize: 17179869184.00 GB
CompressedClassSpaceSize: 1.00 GB
Initial GC threshold: 20.80 MB
Current GC threshold: 58.88 MB
CDS: off

CodeHeap 'non-profiled nmethods': size=120000Kb used=2824Kb max_used=2824Kb free=117175Kb
 bounds [0x0000020120730000, 0x0000020120a00000, 0x0000020127c60000]
CodeHeap 'profiled nmethods': size=120000Kb used=12711Kb max_used=12711Kb free=107288Kb
 bounds [0x0000020119200000, 0x0000020119e70000, 0x0000020120730000]
CodeHeap 'non-nmethods': size=5760Kb used=1504Kb max_used=1568Kb free=4255Kb
 bounds [0x0000020118c60000, 0x0000020118ed0000, 0x0000020119200000]
 total_blobs=6552 nmethods=5693 adapters=771
 compilation: enabled
              stopped_count=0, restarted_count=0
 full_count=0

Compilation events (20 events):
Event: 34.186 Thread 0x0000020135283000 nmethod 5688 0x0000020119e65f10 code [0x0000020119e66120, 0x0000020119e665d8]
Event: 34.186 Thread 0x0000020135283000 5689       3       com.sun.org.apache.xerces.internal.util.XMLAttributesImpl::getPrefix (38 bytes)
Event: 34.186 Thread 0x0000020135283000 nmethod 5689 0x0000020119e66790 code [0x0000020119e66960, 0x0000020119e66b98]
Event: 34.186 Thread 0x0000020135283000 5690       3       javax.xml.stream.util.StreamReaderDelegate::getAttributeLocalName (11 bytes)
Event: 34.186 Thread 0x0000020135283000 nmethod 5690 0x0000020119e66c90 code [0x0000020119e66e40, 0x0000020119e67008]
Event: 34.186 Thread 0x0000020135283000 5691       3       com.sun.org.apache.xerces.internal.impl.XMLStreamReaderImpl::getAttributeLocalName (37 bytes)
Event: 34.186 Thread 0x0000020135283000 nmethod 5691 0x0000020119e67110 code [0x0000020119e67300, 0x0000020119e676e8]
Event: 34.186 Thread 0x0000020135283000 5692       3       com.sun.org.apache.xerces.internal.util.XMLAttributesImpl::getLocalName (37 bytes)
Event: 34.186 Thread 0x0000020135283000 nmethod 5692 0x0000020119e67890 code [0x0000020119e67a60, 0x0000020119e67c98]
Event: 34.186 Thread 0x0000020135283000 5693       3       javax.xml.stream.util.StreamReaderDelegate::getAttributeValue (11 bytes)
Event: 34.186 Thread 0x0000020135283000 nmethod 5693 0x0000020119e67d90 code [0x0000020119e67f40, 0x0000020119e68108]
Event: 34.186 Thread 0x0000020135283000 5694       3       com.sun.org.apache.xerces.internal.impl.XMLStreamReaderImpl::getAttributeValue (51 bytes)
Event: 34.186 Thread 0x0000020135283000 nmethod 5694 0x0000020119e68210 code [0x0000020119e68420, 0x0000020119e688d8]
Event: 34.186 Thread 0x0000020135283000 5695       3       javafx.fxml.FXMLLoader$InstanceDeclarationElement::processAttribute (82 bytes)
Event: 34.187 Thread 0x0000020135283000 nmethod 5695 0x0000020119e68a90 code [0x0000020119e68cc0, 0x0000020119e69258]
Event: 34.369 Thread 0x0000020135276800 nmethod 5658 0x00000201209e5010 code [0x00000201209e5800, 0x00000201209edd20]
Event: 34.370 Thread 0x0000020135276800 5659       4       java.util.Objects::equals (23 bytes)
Event: 34.370 Thread 0x0000020135276800 nmethod 5659 0x00000201209f1e90 code [0x00000201209f2020, 0x00000201209f2098]
Event: 40.187 Thread 0x0000020135283000 5697       3       javafx.scene.text.Text::setText (17 bytes)
Event: 40.187 Thread 0x0000020135283000 nmethod 5697 0x0000020119e69410 code [0x0000020119e69600, 0x0000020119e69ab8]

GC Heap History (8 events):
Event: 0.652 GC heap before
{Heap before GC invocations=0 (full 0):
 garbage-first heap   total 262144K, used 23552K [0x0000000701e00000, 0x0000000800000000)
  region size 1024K, 24 young (24576K), 0 survivors (0K)
 Metaspace       used 11259K, capacity 11623K, committed 11776K, reserved 1060864K
  class space    used 1121K, capacity 1268K, committed 1280K, reserved 1048576K
}
Event: 0.655 GC heap after
{Heap after GC invocations=1 (full 0):
 garbage-first heap   total 262144K, used 2902K [0x0000000701e00000, 0x0000000800000000)
  region size 1024K, 3 young (3072K), 3 survivors (3072K)
 Metaspace       used 11259K, capacity 11623K, committed 11776K, reserved 1060864K
  class space    used 1121K, capacity 1268K, committed 1280K, reserved 1048576K
}
Event: 1.315 GC heap before
{Heap before GC invocations=1 (full 0):
 garbage-first heap   total 262144K, used 47958K [0x0000000701e00000, 0x0000000800000000)
  region size 1024K, 33 young (33792K), 3 survivors (3072K)
 Metaspace       used 20637K, capacity 21216K, committed 21248K, reserved 1067008K
  class space    used 2514K, capacity 2792K, committed 2816K, reserved 1048576K
}
Event: 1.323 GC heap after
{Heap after GC invocations=2 (full 0):
 garbage-first heap   total 262144K, used 21897K [0x0000000701e00000, 0x0000000800000000)
  region size 1024K, 7 young (7168K), 7 survivors (7168K)
 Metaspace       used 20637K, capacity 21216K, committed 21248K, reserved 1067008K
  class space    used 2514K, capacity 2792K, committed 2816K, reserved 1048576K
}
Event: 7.811 GC heap before
{Heap before GC invocations=3 (full 0):
 garbage-first heap   total 262144K, used 69001K [0x0000000701e00000, 0x0000000800000000)
  region size 1024K, 52 young (53248K), 7 survivors (7168K)
 Metaspace       used 32795K, capacity 33851K, committed 34176K, reserved 1079296K
  class space    used 4214K, capacity 4640K, committed 4736K, reserved 1048576K
}
Event: 7.819 GC heap after
{Heap after GC invocations=4 (full 0):
 garbage-first heap   total 262144K, used 28242K [0x0000000701e00000, 0x0000000800000000)
  region size 1024K, 4 young (4096K), 4 survivors (4096K)
 Metaspace       used 32795K, capacity 33851K, committed 34176K, reserved 1079296K
  class space    used 4214K, capacity 4640K, committed 4736K, reserved 1048576K
}
Event: 8.039 GC heap before
{Heap before GC invocations=4 (full 0):
 garbage-first heap   total 262144K, used 36434K [0x0000000701e00000, 0x0000000800000000)
  region size 1024K, 13 young (13312K), 4 survivors (4096K)
 Metaspace       used 34622K, capacity 35834K, committed 35840K, reserved 1081344K
  class space    used 4484K, capacity 4986K, committed 4992K, reserved 1048576K
}
Event: 8.045 GC heap after
{Heap after GC invocations=5 (full 0):
 garbage-first heap   total 262144K, used 29915K [0x0000000701e00000, 0x0000000800000000)
  region size 1024K, 6 young (6144K), 6 survivors (6144K)
 Metaspace       used 34622K, capacity 35834K, committed 35840K, reserved 1081344K
  class space    used 4484K, capacity 4986K, committed 4992K, reserved 1048576K
}

Deoptimization events (20 events):
Event: 30.773 Thread 0x0000020135d9c000 Uncommon trap: trap_request=0xffffffbe fr.pc=0x00000201209d3e94 relative=0x0000000000000674
Event: 30.773 Thread 0x0000020135d9c000 Uncommon trap: reason=profile_predicate action=maybe_recompile pc=0x00000201209d3e94 method=com.sun.javafx.sg.prism.NGNode.markCullRegions(Lcom/sun/javafx/geom/DirtyRegionContainer;ILcom/sun/javafx/geom/transform/BaseTransform;Lcom/sun/javafx/geom/transfo
Event: 30.773 Thread 0x0000020135d9c000 DEOPT PACKING pc=0x00000201209d3e94 sp=0x00000060dc9fe740
Event: 30.773 Thread 0x0000020135d9c000 DEOPT UNPACKING pc=0x0000020118caa1af sp=0x00000060dc9fe6b0 mode 2
Event: 30.885 Thread 0x0000020135d9c000 Uncommon trap: trap_request=0xffffffbe fr.pc=0x00000201209d3e94 relative=0x0000000000000674
Event: 30.885 Thread 0x0000020135d9c000 Uncommon trap: reason=profile_predicate action=maybe_recompile pc=0x00000201209d3e94 method=com.sun.javafx.sg.prism.NGNode.markCullRegions(Lcom/sun/javafx/geom/DirtyRegionContainer;ILcom/sun/javafx/geom/transform/BaseTransform;Lcom/sun/javafx/geom/transfo
Event: 30.885 Thread 0x0000020135d9c000 DEOPT PACKING pc=0x00000201209d3e94 sp=0x00000060dc9fe740
Event: 30.885 Thread 0x0000020135d9c000 DEOPT UNPACKING pc=0x0000020118caa1af sp=0x00000060dc9fe6b0 mode 2
Event: 30.949 Thread 0x0000020135d9c000 Uncommon trap: trap_request=0xffffffbe fr.pc=0x00000201209d3e94 relative=0x0000000000000674
Event: 30.949 Thread 0x0000020135d9c000 Uncommon trap: reason=profile_predicate action=maybe_recompile pc=0x00000201209d3e94 method=com.sun.javafx.sg.prism.NGNode.markCullRegions(Lcom/sun/javafx/geom/DirtyRegionContainer;ILcom/sun/javafx/geom/transform/BaseTransform;Lcom/sun/javafx/geom/transfo
Event: 30.949 Thread 0x0000020135d9c000 DEOPT PACKING pc=0x00000201209d3e94 sp=0x00000060dc9fe740
Event: 30.949 Thread 0x0000020135d9c000 DEOPT UNPACKING pc=0x0000020118caa1af sp=0x00000060dc9fe6b0 mode 2
Event: 30.965 Thread 0x0000020135d9c000 Uncommon trap: trap_request=0xffffffbe fr.pc=0x00000201209d3e94 relative=0x0000000000000674
Event: 30.965 Thread 0x0000020135d9c000 Uncommon trap: reason=profile_predicate action=maybe_recompile pc=0x00000201209d3e94 method=com.sun.javafx.sg.prism.NGNode.markCullRegions(Lcom/sun/javafx/geom/DirtyRegionContainer;ILcom/sun/javafx/geom/transform/BaseTransform;Lcom/sun/javafx/geom/transfo
Event: 30.965 Thread 0x0000020135d9c000 DEOPT PACKING pc=0x00000201209d3e94 sp=0x00000060dc9fe740
Event: 30.965 Thread 0x0000020135d9c000 DEOPT UNPACKING pc=0x0000020118caa1af sp=0x00000060dc9fe6b0 mode 2
Event: 43.259 Thread 0x000002013c2ec000 Uncommon trap: trap_request=0xffffff4d fr.pc=0x00000201209caadc relative=0x000000000000013c
Event: 43.259 Thread 0x000002013c2ec000 Uncommon trap: reason=unstable_if action=reinterpret pc=0x00000201209caadc method=java.util.concurrent.locks.ReentrantLock$Sync.nonfairTryAcquire(I)Z @ 10 c2
Event: 43.259 Thread 0x000002013c2ec000 DEOPT PACKING pc=0x00000201209caadc sp=0x00000060dc6fd900
Event: 43.259 Thread 0x000002013c2ec000 DEOPT UNPACKING pc=0x0000020118caa1af sp=0x00000060dc6fd840 mode 2

Classes redefined (0 events):
No events

Internal exceptions (20 events):
Event: 7.187 Thread 0x0000020136397000 Exception <a 'sun/nio/fs/WindowsException'{0x0000000710b67910}> (0x0000000710b67910) thrown at [s\src\hotspot\share\prims\jni.cpp, line 617]
Event: 7.336 Thread 0x0000020136397000 Exception <a 'sun/nio/fs/WindowsException'{0x00000007103f5410}> (0x00000007103f5410) thrown at [s\src\hotspot\share\prims\jni.cpp, line 617]
Event: 7.341 Thread 0x0000020136397000 Exception <a 'sun/nio/fs/WindowsException'{0x0000000710249970}> (0x0000000710249970) thrown at [s\src\hotspot\share\prims\jni.cpp, line 617]
Event: 7.484 Thread 0x0000020136397000 Exception <a 'java/lang/NoSuchMethodError'{0x000000070ee554c0}: 'java.lang.Object java.lang.invoke.DirectMethodHandle$Holder.invokeStatic(java.lang.Object, int, int, int, int)'> (0x000000070ee554c0) thrown at [s\src\hotspot\share\interpreter\linkResolver.cpp, line 773]
Event: 7.484 Thread 0x0000020136397000 Exception <a 'java/lang/NoSuchMethodError'{0x000000070ee58890}: 'java.lang.Object java.lang.invoke.DirectMethodHandle$Holder.invokeStaticInit(java.lang.Object, int, int, int, int)'> (0x000000070ee58890) thrown at [s\src\hotspot\share\interpreter\linkResolver.cpp, line 773]
Event: 7.731 Thread 0x0000020136397000 Exception <a 'java/lang/NoSuchMethodError'{0x000000070eef2be0}: 'java.lang.Object java.lang.invoke.DirectMethodHandle$Holder.invokeStatic(java.lang.Object, java.lang.Object, int, int, int, int)'> (0x000000070eef2be0) thrown at [s\src\hotspot\share\interpreter\linkResolver.cpp, line 773]
Event: 7.731 Thread 0x0000020136397000 Exception <a 'java/lang/NoSuchMethodError'{0x000000070eef61e0}: 'java.lang.Object java.lang.invoke.DirectMethodHandle$Holder.invokeStaticInit(java.lang.Object, java.lang.Object, int, int, int, int)'> (0x000000070eef61e0) thrown at [s\src\hotspot\share\interpreter\linkResolver.cpp, line 773]
Event: 7.751 Thread 0x0000020136397000 Exception <a 'sun/nio/fs/WindowsException'{0x000000070edaec48}> (0x000000070edaec48) thrown at [s\src\hotspot\share\prims\jni.cpp, line 617]
Event: 7.791 Thread 0x0000020136397000 Exception <a 'java/lang/NoSuchMethodError'{0x000000070ea1f798}: 'java.lang.Object java.lang.invoke.DirectMethodHandle$Holder.invokeStatic(java.lang.Object, java.lang.Object, java.lang.Object, java.lang.Object, java.lang.Object, java.lang.Object, java.lang.Object, java.lang.Object, java.lang.Object, java.lang.Object, java.lang.Object, java.lang.Object, java.lang.Object, int)'> (0x000000070ea1f798) thrown at [s\src\hotspot\share\interpreter\linkResolver.cpp, line 773]
Event: 7.792 Thread 0x0000020136397000 Exception <a 'java/lang/NoSuchMethodError'{0x000000070ea2bc38}: 'java.lang.Object java.lang.invoke.DirectMethodHandle$Holder.invokeStatic(java.lang.Object, java.lang.Object, java.lang.Object, java.lang.Object, java.lang.Object, java.lang.Object, java.lang.Object, java.lang.Object, java.lang.Object, java.lang.Object, java.lang.Object, java.lang.Object, java.lang.Object, int, int)'> (0x000000070ea2bc38) thrown at [s\src\hotspot\share\interpreter\linkResolver.cpp, line 773]
Event: 7.793 Thread 0x0000020136397000 Exception <a 'java/lang/NoSuchMethodError'{0x000000070ea384b8}: 'java.lang.Object java.lang.invoke.DirectMethodHandle$Holder.invokeStatic(java.lang.Object, java.lang.Object, java.lang.Object, java.lang.Object, java.lang.Object, java.lang.Object, java.lang.Object, java.lang.Object, java.lang.Object, java.lang.Object, java.lang.Object, java.lang.Object, java.lang.Object, int, int, java.lang.Object)'> (0x000000070ea384b8) thrown at [s\src\hotspot\share\interpreter\linkResolver.cpp, line 773]
Event: 7.820 Thread 0x0000020136397000 Implicit null exception at 0x00000201207c6be6 to 0x00000201207c8fcc
Event: 8.100 Thread 0x0000020136397000 Exception <a 'java/lang/NoSuchMethodError'{0x0000000711a02590}: 'void java.lang.invoke.DirectMethodHandle$Holder.invokeSpecialIFC(java.lang.Object, java.lang.Object, java.lang.Object, java.lang.Object)'> (0x0000000711a02590) thrown at [s\src\hotspot\share\interpreter\linkResolver.cpp, line 773]
Event: 8.121 Thread 0x0000020136397000 Implicit null exception at 0x0000020120882eee to 0x00000201208836a0
Event: 8.291 Thread 0x0000020135d9c000 Exception <a 'java/lang/NoSuchMethodError'{0x00000007115dc488}: 'java.lang.Object java.lang.invoke.DirectMethodHandle$Holder.invokeStaticInit(java.lang.Object, int)'> (0x00000007115dc488) thrown at [s\src\hotspot\share\interpreter\linkResolver.cpp, line 773]
Event: 18.890 Thread 0x0000020136397000 Exception <a 'java/lang/NoSuchMethodError'{0x000000070fa7a228}: 'java.lang.Object java.lang.invoke.DirectMethodHandle$Holder.invokeStatic(java.lang.Object, java.lang.Object, int, int, int, int, int, java.lang.Object)'> (0x000000070fa7a228) thrown at [s\src\hotspot\share\interpreter\linkResolver.cpp, line 773]
Event: 18.890 Thread 0x0000020136397000 Exception <a 'java/lang/NoSuchMethodError'{0x000000070f90aec0}: 'java.lang.Object java.lang.invoke.DirectMethodHandle$Holder.invokeStatic(java.lang.Object, java.lang.Object, java.lang.Object, int, int, int, int, int)'> (0x000000070f90aec0) thrown at [s\src\hotspot\share\interpreter\linkResolver.cpp, line 773]
Event: 18.890 Thread 0x0000020136397000 Exception <a 'java/lang/NoSuchMethodError'{0x000000070f911c80}: 'java.lang.Object java.lang.invoke.Invokers$Holder.linkToTargetMethod(java.lang.Object, java.lang.Object, int, int, int, int, int, java.lang.Object)'> (0x000000070f911c80) thrown at [s\src\hotspot\share\interpreter\linkResolver.cpp, line 773]
Event: 28.228 Thread 0x0000020136397000 Exception <a 'java/lang/IllegalArgumentException'{0x000000070f61e418}> (0x000000070f61e418) thrown at [s\src\hotspot\share\prims\jvm.cpp, line 1310]
Event: 43.259 Thread 0x000002013c2ec000 Exception <a 'java/lang/IllegalStateException'{0x000000070f44b9e8}> (0x000000070f44b9e8) thrown at [s\src\hotspot\share\prims\jvm.cpp, line 1310]

Events (20 events):
Event: 43.257 loading class java/util/IdentityHashMap$IdentityHashMapIterator
Event: 43.257 loading class java/util/IdentityHashMap$IdentityHashMapIterator done
Event: 43.257 loading class java/util/IdentityHashMap$KeyIterator done
Event: 43.257 Thread 0x000002013c2ec000 Thread added: 0x000002013c2ec000
Event: 43.257 Thread 0x000002013c2ec800 Thread added: 0x000002013c2ec800
Event: 43.258 Executing VM operation: RevokeBias
Event: 43.258 Executing VM operation: RevokeBias done
Event: 43.258 Executing VM operation: RevokeBias
Event: 43.258 loading class com/sun/javafx/tk/quantum/QuantumRenderer
Event: 43.258 loading class com/sun/javafx/tk/quantum/QuantumRenderer done
Event: 43.258 Executing VM operation: RevokeBias done
Event: 43.258 Executing VM operation: RevokeBias
Event: 43.259 Executing VM operation: RevokeBias done
Event: 43.259 Executing VM operation: RevokeBias
Event: 43.259 Executing VM operation: RevokeBias done
Event: 43.259 Thread 0x000002013c2ec800 Thread exited: 0x000002013c2ec800
Event: 43.259 loading class com/sun/javafx/tk/quantum/QuantumToolkit
Event: 43.259 loading class com/sun/javafx/tk/quantum/QuantumToolkit done
Event: 43.259 Thread 0x000002013c2ec000 Thread exited: 0x000002013c2ec000
Event: 43.259 Executing VM operation: Exit


Dynamic libraries:
0x00007ff7bcf40000 - 0x00007ff7bcf4d000 	C:\Users\vinic\.jdks\azul-11.0.19\bin\java.exe
0x00007fff78a50000 - 0x00007fff78c48000 	C:\Windows\SYSTEM32\ntdll.dll
0x00007fff76ec0000 - 0x00007fff76f7d000 	C:\Windows\System32\KERNEL32.DLL
0x00007fff76690000 - 0x00007fff76986000 	C:\Windows\System32\KERNELBASE.dll
0x00007fff76130000 - 0x00007fff76230000 	C:\Windows\System32\ucrtbase.dll
0x00007fff5b480000 - 0x00007fff5b497000 	C:\Users\vinic\.jdks\azul-11.0.19\bin\jli.dll
0x00007fff535b0000 - 0x00007fff535c5000 	C:\Users\vinic\.jdks\azul-11.0.19\bin\VCRUNTIME140.dll
0x00007fff76c00000 - 0x00007fff76d9e000 	C:\Windows\System32\USER32.dll
0x00007fff76a80000 - 0x00007fff76aa2000 	C:\Windows\System32\win32u.dll
0x00007fff5ac10000 - 0x00007fff5aeaa000 	C:\Windows\WinSxS\amd64_microsoft.windows.common-controls_6595b64144ccf1df_6.0.19041.3636_none_60b6a03d71f818d5\COMCTL32.dll
0x00007fff78800000 - 0x00007fff7882c000 	C:\Windows\System32\GDI32.dll
0x00007fff78750000 - 0x00007fff787ee000 	C:\Windows\System32\msvcrt.dll
0x00007fff76570000 - 0x00007fff7668a000 	C:\Windows\System32\gdi32full.dll
0x00007fff76230000 - 0x00007fff762cd000 	C:\Windows\System32\msvcp_win.dll
0x00007fff77b00000 - 0x00007fff77b30000 	C:\Windows\System32\IMM32.DLL
0x00007fff3ed70000 - 0x00007fff3ee0b000 	C:\Users\vinic\.jdks\azul-11.0.19\bin\msvcp140.dll
0x00007fff006c0000 - 0x00007fff01256000 	C:\Users\vinic\.jdks\azul-11.0.19\bin\server\jvm.dll
0x00007fff78960000 - 0x00007fff78a0f000 	C:\Windows\System32\ADVAPI32.dll
0x00007fff76b60000 - 0x00007fff76bfc000 	C:\Windows\System32\sechost.dll
0x00007fff784e0000 - 0x00007fff78606000 	C:\Windows\System32\RPCRT4.dll
0x00007fff787f0000 - 0x00007fff787f8000 	C:\Windows\System32\PSAPI.DLL
0x00007fff58930000 - 0x00007fff58957000 	C:\Windows\SYSTEM32\WINMM.dll
0x00007fff6f590000 - 0x00007fff6f59a000 	C:\Windows\SYSTEM32\VERSION.dll
0x00007fff62660000 - 0x00007fff62669000 	C:\Windows\SYSTEM32\WSOCK32.dll
0x00007fff782c0000 - 0x00007fff7832b000 	C:\Windows\System32\WS2_32.dll
0x00007fff73ff0000 - 0x00007fff74002000 	C:\Windows\SYSTEM32\kernel.appcore.dll
0x00007fff61e60000 - 0x00007fff61e70000 	C:\Users\vinic\.jdks\azul-11.0.19\bin\verify.dll
0x00007fff6d9d0000 - 0x00007fff6dbb4000 	C:\Windows\SYSTEM32\DBGHELP.DLL
0x00007fff5beb0000 - 0x00007fff5bee4000 	C:\Windows\SYSTEM32\dbgcore.DLL
0x00007fff762d0000 - 0x00007fff76352000 	C:\Windows\System32\bcryptPrimitives.dll
0x00007fff43c60000 - 0x00007fff43c88000 	C:\Users\vinic\.jdks\azul-11.0.19\bin\java.dll
0x00007fff616f0000 - 0x00007fff616fa000 	C:\Users\vinic\.jdks\azul-11.0.19\bin\jimage.dll
0x00007fff61490000 - 0x00007fff6149e000 	C:\Users\vinic\.jdks\azul-11.0.19\bin\instrument.dll
0x00007fff48490000 - 0x00007fff484a8000 	C:\Users\vinic\.jdks\azul-11.0.19\bin\zip.dll
0x00007fff772e0000 - 0x00007fff77a24000 	C:\Windows\System32\SHELL32.dll
0x00007fff741f0000 - 0x00007fff7498b000 	C:\Windows\SYSTEM32\windows.storage.dll
0x00007fff76f80000 - 0x00007fff772d4000 	C:\Windows\System32\combase.dll
0x00007fff75b70000 - 0x00007fff75b9d000 	C:\Windows\SYSTEM32\Wldp.dll
0x00007fff76ab0000 - 0x00007fff76b5d000 	C:\Windows\System32\SHCORE.dll
0x00007fff78400000 - 0x00007fff78455000 	C:\Windows\System32\shlwapi.dll
0x00007fff76060000 - 0x00007fff76085000 	C:\Windows\SYSTEM32\profapi.dll
0x00007fff47ef0000 - 0x00007fff47f09000 	C:\Users\vinic\.jdks\azul-11.0.19\bin\net.dll
0x00007fff6bda0000 - 0x00007fff6beaa000 	C:\Windows\SYSTEM32\WINHTTP.dll
0x00007fff758d0000 - 0x00007fff7593a000 	C:\Windows\system32\mswsock.dll
0x00007fff45b80000 - 0x00007fff45b93000 	C:\Users\vinic\.jdks\azul-11.0.19\bin\nio.dll
0x00007fff45340000 - 0x00007fff4535a000 	C:\Program Files\JetBrains\IntelliJ IDEA Community Edition 2022.1.2\bin\breakgen64.dll
0x000002010ed50000 - 0x000002010ed53000 	C:\Users\vinic\.openjfx\cache\19.0.2.1+1\amd64\api-ms-win-core-console-l1-1-0.dll
0x000002010ed60000 - 0x000002010ed63000 	C:\Users\vinic\.openjfx\cache\19.0.2.1+1\amd64\api-ms-win-core-console-l1-2-0.dll
0x0000020137070000 - 0x0000020137073000 	C:\Users\vinic\.openjfx\cache\19.0.2.1+1\amd64\api-ms-win-core-datetime-l1-1-0.dll
0x0000020137080000 - 0x0000020137083000 	C:\Users\vinic\.openjfx\cache\19.0.2.1+1\amd64\api-ms-win-core-debug-l1-1-0.dll
0x0000020137090000 - 0x0000020137093000 	C:\Users\vinic\.openjfx\cache\19.0.2.1+1\amd64\api-ms-win-core-errorhandling-l1-1-0.dll
0x00000201370a0000 - 0x00000201370a4000 	C:\Users\vinic\.openjfx\cache\19.0.2.1+1\amd64\api-ms-win-core-file-l1-1-0.dll
0x00000201372f0000 - 0x00000201372f3000 	C:\Users\vinic\.openjfx\cache\19.0.2.1+1\amd64\api-ms-win-core-file-l1-2-0.dll
0x00000201370b0000 - 0x00000201370b3000 	C:\Users\vinic\.openjfx\cache\19.0.2.1+1\amd64\api-ms-win-core-file-l2-1-0.dll
0x00000201370c0000 - 0x00000201370c3000 	C:\Users\vinic\.openjfx\cache\19.0.2.1+1\amd64\api-ms-win-core-handle-l1-1-0.dll
0x00000201370d0000 - 0x00000201370d3000 	C:\Users\vinic\.openjfx\cache\19.0.2.1+1\amd64\api-ms-win-core-heap-l1-1-0.dll
0x00000201370e0000 - 0x00000201370e3000 	C:\Users\vinic\.openjfx\cache\19.0.2.1+1\amd64\api-ms-win-core-interlocked-l1-1-0.dll
0x00000201370f0000 - 0x00000201370f3000 	C:\Users\vinic\.openjfx\cache\19.0.2.1+1\amd64\api-ms-win-core-libraryloader-l1-1-0.dll
0x0000020137100000 - 0x0000020137103000 	C:\Users\vinic\.openjfx\cache\19.0.2.1+1\amd64\api-ms-win-core-localization-l1-2-0.dll
0x0000020137110000 - 0x0000020137113000 	C:\Users\vinic\.openjfx\cache\19.0.2.1+1\amd64\api-ms-win-core-memory-l1-1-0.dll
0x0000020137120000 - 0x0000020137123000 	C:\Users\vinic\.openjfx\cache\19.0.2.1+1\amd64\api-ms-win-core-namedpipe-l1-1-0.dll
0x0000020137130000 - 0x0000020137133000 	C:\Users\vinic\.openjfx\cache\19.0.2.1+1\amd64\api-ms-win-core-processenvironment-l1-1-0.dll
0x0000020137140000 - 0x0000020137143000 	C:\Users\vinic\.openjfx\cache\19.0.2.1+1\amd64\api-ms-win-core-processthreads-l1-1-0.dll
0x0000020137150000 - 0x0000020137153000 	C:\Users\vinic\.openjfx\cache\19.0.2.1+1\amd64\api-ms-win-core-processthreads-l1-1-1.dll
0x0000020137160000 - 0x0000020137163000 	C:\Users\vinic\.openjfx\cache\19.0.2.1+1\amd64\api-ms-win-core-profile-l1-1-0.dll
0x0000020137170000 - 0x0000020137173000 	C:\Users\vinic\.openjfx\cache\19.0.2.1+1\amd64\api-ms-win-core-rtlsupport-l1-1-0.dll
0x0000020137180000 - 0x0000020137183000 	C:\Users\vinic\.openjfx\cache\19.0.2.1+1\amd64\api-ms-win-core-string-l1-1-0.dll
0x0000020137190000 - 0x0000020137193000 	C:\Users\vinic\.openjfx\cache\19.0.2.1+1\amd64\api-ms-win-core-synch-l1-1-0.dll
0x00000201371a0000 - 0x00000201371a3000 	C:\Users\vinic\.openjfx\cache\19.0.2.1+1\amd64\api-ms-win-core-synch-l1-2-0.dll
0x00000201371b0000 - 0x00000201371b3000 	C:\Users\vinic\.openjfx\cache\19.0.2.1+1\amd64\api-ms-win-core-sysinfo-l1-1-0.dll
0x00000201371c0000 - 0x00000201371c3000 	C:\Users\vinic\.openjfx\cache\19.0.2.1+1\amd64\api-ms-win-core-timezone-l1-1-0.dll
0x00000201371d0000 - 0x00000201371d3000 	C:\Users\vinic\.openjfx\cache\19.0.2.1+1\amd64\api-ms-win-core-util-l1-1-0.dll
0x00000201371e0000 - 0x00000201371e3000 	C:\Users\vinic\.openjfx\cache\19.0.2.1+1\amd64\api-ms-win-crt-conio-l1-1-0.dll
0x00000201371f0000 - 0x00000201371f4000 	C:\Users\vinic\.openjfx\cache\19.0.2.1+1\amd64\api-ms-win-crt-convert-l1-1-0.dll
0x0000020137200000 - 0x0000020137203000 	C:\Users\vinic\.openjfx\cache\19.0.2.1+1\amd64\api-ms-win-crt-environment-l1-1-0.dll
0x0000020137210000 - 0x0000020137213000 	C:\Users\vinic\.openjfx\cache\19.0.2.1+1\amd64\api-ms-win-crt-filesystem-l1-1-0.dll
0x0000020137220000 - 0x0000020137223000 	C:\Users\vinic\.openjfx\cache\19.0.2.1+1\amd64\api-ms-win-crt-heap-l1-1-0.dll
0x0000020137230000 - 0x0000020137233000 	C:\Users\vinic\.openjfx\cache\19.0.2.1+1\amd64\api-ms-win-crt-locale-l1-1-0.dll
0x0000020137240000 - 0x0000020137245000 	C:\Users\vinic\.openjfx\cache\19.0.2.1+1\amd64\api-ms-win-crt-math-l1-1-0.dll
0x0000020137250000 - 0x0000020137255000 	C:\Users\vinic\.openjfx\cache\19.0.2.1+1\amd64\api-ms-win-crt-multibyte-l1-1-0.dll
0x0000020137260000 - 0x0000020137270000 	C:\Users\vinic\.openjfx\cache\19.0.2.1+1\amd64\api-ms-win-crt-private-l1-1-0.dll
0x0000020137270000 - 0x0000020137273000 	C:\Users\vinic\.openjfx\cache\19.0.2.1+1\amd64\api-ms-win-crt-process-l1-1-0.dll
0x0000020137280000 - 0x0000020137284000 	C:\Users\vinic\.openjfx\cache\19.0.2.1+1\amd64\api-ms-win-crt-runtime-l1-1-0.dll
0x0000020137290000 - 0x0000020137294000 	C:\Users\vinic\.openjfx\cache\19.0.2.1+1\amd64\api-ms-win-crt-stdio-l1-1-0.dll
0x00000201372a0000 - 0x00000201372a4000 	C:\Users\vinic\.openjfx\cache\19.0.2.1+1\amd64\api-ms-win-crt-string-l1-1-0.dll
0x00000201372b0000 - 0x00000201372b3000 	C:\Users\vinic\.openjfx\cache\19.0.2.1+1\amd64\api-ms-win-crt-time-l1-1-0.dll
0x00000201372c0000 - 0x00000201372c3000 	C:\Users\vinic\.openjfx\cache\19.0.2.1+1\amd64\api-ms-win-crt-utility-l1-1-0.dll
0x00007fff1c480000 - 0x00007fff1c57c000 	C:\Users\vinic\.openjfx\cache\19.0.2.1+1\amd64\ucrtbase.dll
0x00007fff41be0000 - 0x00007fff41bfb000 	C:\Users\vinic\.openjfx\cache\19.0.2.1+1\amd64\vcruntime140.dll
0x00007fff5b820000 - 0x00007fff5b82c000 	C:\Users\vinic\.openjfx\cache\19.0.2.1+1\amd64\vcruntime140_1.dll
0x00007fff1c3f0000 - 0x00007fff1c47e000 	C:\Users\vinic\.openjfx\cache\19.0.2.1+1\amd64\msvcp140.dll
0x00007fff5b560000 - 0x00007fff5b569000 	C:\Users\vinic\.openjfx\cache\19.0.2.1+1\amd64\msvcp140_1.dll
0x00007fff3ecb0000 - 0x00007fff3ece0000 	C:\Users\vinic\.openjfx\cache\19.0.2.1+1\amd64\msvcp140_2.dll
0x00007fff3e740000 - 0x00007fff3e76c000 	C:\Users\vinic\.openjfx\cache\19.0.2.1+1\amd64\prism_d3d.dll
0x00007fff1fe40000 - 0x00007fff2000d000 	C:\Windows\system32\d3d9.dll
0x00007fff73d00000 - 0x00007fff73d2f000 	C:\Windows\SYSTEM32\dwmapi.dll
0x00007fff73b20000 - 0x00007fff73bbe000 	C:\Windows\system32\uxtheme.dll
0x00007fff1cef0000 - 0x00007fff1d055000 	C:\Windows\System32\DriverStore\FileRepository\iigd_dch.inf_amd64_2687b494da5e552a\igdumdim64.dll
0x00007fff78830000 - 0x00007fff7895b000 	C:\Windows\System32\ole32.dll
0x00007ffefbc80000 - 0x00007ffeff90b000 	C:\Windows\System32\DriverStore\FileRepository\iigd_dch.inf_amd64_2687b494da5e552a\igd9dxva64.dll
0x00007fff77fb0000 - 0x00007fff7807d000 	C:\Windows\System32\OLEAUT32.dll
0x00007fff77b30000 - 0x00007fff77f9e000 	C:\Windows\System32\SETUPAPI.dll
0x00007fff76a30000 - 0x00007fff76a7e000 	C:\Windows\System32\cfgmgr32.dll
0x00007fff76a00000 - 0x00007fff76a27000 	C:\Windows\System32\bcrypt.dll
0x00007fff69a30000 - 0x00007fff69d66000 	C:\Windows\System32\DriverStore\FileRepository\iigd_dch.inf_amd64_2687b494da5e552a\igdgmm64.dll
0x00007fff345d0000 - 0x00007fff34612000 	C:\Users\vinic\.openjfx\cache\19.0.2.1+1\amd64\glass.dll
0x00007fff78670000 - 0x00007fff7874a000 	C:\Windows\System32\COMDLG32.dll
0x00007fff76da0000 - 0x00007fff76eb4000 	C:\Windows\System32\MSCTF.dll
0x00007fff59a00000 - 0x00007fff59a27000 	C:\Windows\System32\DriverStore\FileRepository\iigd_dch.inf_amd64_2687b494da5e552a\igdinfo64.dll
0x00007fff66ca0000 - 0x00007fff69a2f000 	C:\Windows\System32\DriverStore\FileRepository\iigd_dch.inf_amd64_2687b494da5e552a\igc64.dll
0x00007fff6c1e0000 - 0x00007fff6c21b000 	C:\Windows\SYSTEM32\dxcore.dll
0x00007fff41b50000 - 0x00007fff41b64000 	C:\Users\vinic\.openjfx\cache\19.0.2.1+1\amd64\javafx_font.dll
0x00007fff607c0000 - 0x00007fff60a3f000 	C:\Windows\SYSTEM32\dwrite.dll
0x00007fff77a30000 - 0x00007fff77ad9000 	C:\Windows\System32\clbcatq.dll
0x00007fff6f2c0000 - 0x00007fff6f474000 	C:\Windows\SYSTEM32\WindowsCodecs.dll
0x00007fff58c60000 - 0x00007fff58c9e000 	C:\Windows\system32\dataexchange.dll
0x00007fff72040000 - 0x00007fff722a3000 	C:\Windows\system32\d3d11.dll
0x00007fff72e40000 - 0x00007fff73023000 	C:\Windows\system32\dcomp.dll
0x00007fff749f0000 - 0x00007fff74ae3000 	C:\Windows\system32\dxgi.dll
0x00007fff6f730000 - 0x00007fff6f937000 	C:\Windows\system32\twinapi.appcore.dll
0x00007fff42730000 - 0x00007fff42764000 	C:\Program Files\Common Files\Microsoft Shared\Ink\rtscom.dll
0x00007fff626a0000 - 0x00007fff6279a000 	C:\Windows\SYSTEM32\textinputframework.dll
0x00007fff733b0000 - 0x00007fff7370b000 	C:\Windows\System32\CoreUIComponents.dll
0x00007fff73710000 - 0x00007fff73802000 	C:\Windows\System32\CoreMessaging.dll
0x00007fff752b0000 - 0x00007fff752e3000 	C:\Windows\SYSTEM32\ntmarta.dll
0x00007fff72cd0000 - 0x00007fff72e25000 	C:\Windows\SYSTEM32\wintypes.dll
0x00007fff755c0000 - 0x00007fff7568a000 	C:\Windows\SYSTEM32\DNSAPI.dll
0x00007fff75570000 - 0x00007fff755ab000 	C:\Windows\SYSTEM32\IPHLPAPI.DLL

dbghelp: loaded successfully - version: 4.0.5 - missing functions: none
symbol engine: initialized successfully - sym options: 0x614 - pdb path: .;C:\Users\vinic\.jdks\azul-11.0.19\bin;C:\Windows\SYSTEM32;C:\Windows\WinSxS\amd64_microsoft.windows.common-controls_6595b64144ccf1df_6.0.19041.3636_none_60b6a03d71f818d5;C:\Users\vinic\.jdks\azul-11.0.19\bin\server;C:\Program Files\JetBrains\IntelliJ IDEA Community Edition 2022.1.2\bin;C:\Users\vinic\.openjfx\cache\19.0.2.1+1\amd64;C:\Windows\System32\DriverStore\FileRepository\iigd_dch.inf_amd64_2687b494da5e552a;C:\Program Files\Common Files\Microsoft Shared\Ink

VM Arguments:
jvm_args: -javaagent:C:\Program Files\JetBrains\IntelliJ IDEA Community Edition 2022.1.2\lib\idea_rt.jar=59817:C:\Program Files\JetBrains\IntelliJ IDEA Community Edition 2022.1.2\bin -Dfile.encoding=UTF-8 --module-path=C:\Users\vinic\.m2\repository\org\openjfx\javafx-fxml\19.0.2.1\javafx-fxml-19.0.2.1-win.jar;C:\Users\vinic\.m2\repository\com\fasterxml\jackson\core\jackson-core\2.12.2\jackson-core-2.12.2.jar;C:\Users\vinic\.m2\repository\com\jfoenix\jfoenix\9.0.10\jfoenix-9.0.10.jar;C:\Users\vinic\.m2\repository\org\controlsfx\controlsfx\11.1.2\controlsfx-11.1.2.jar;C:\Users\vinic\.m2\repository\com\google\code\gson\gson\2.10.1\gson-2.10.1.jar;C:\Users\vinic\.m2\repository\com\fasterxml\jackson\core\jackson-databind\2.12.2\jackson-databind-2.12.2.jar;C:\Users\vinic\.m2\repository\com\fasterxml\jackson\core\jackson-annotations\2.12.2\jackson-annotations-2.12.2.jar;C:\Users\vinic\.m2\repository\org\openjfx\javafx-graphics\19.0.2.1\javafx-graphics-19.0.2.1-win.jar;C:\Users\vinic\.m2\repository\org\kordamp\bootstrapfx\bootstrapfx-core\0.4.0\bootstrapfx-core-0.4.0.jar;E:\Pessoal\Desenvolvimento\faculdade\BeautyBooker\target\classes;C:\Users\vinic\.m2\repository\io\jsonwebtoken\jjwt-api\0.11.1\jjwt-api-0.11.1.jar;C:\Users\vinic\.m2\repository\org\openjfx\javafx-controls\19.0.2.1\javafx-controls-19.0.2.1-win.jar;C:\Users\vinic\.m2\repository\org\openjfx\javafx-base\19.0.2.1\javafx-base-19.0.2.1-win.jar -Djdk.module.main=com.beautybooker.beautybooker 
java_command: com.beautybooker.beautybooker/com.beautybooker.beautybooker.Application
java_class_path (initial): C:\Users\vinic\.m2\repository\org\openjfx\javafx-controls\19.0.2.1\javafx-controls-19.0.2.1.jar;C:\Users\vinic\.m2\repository\org\openjfx\javafx-graphics\19.0.2.1\javafx-graphics-19.0.2.1.jar;C:\Users\vinic\.m2\repository\org\openjfx\javafx-base\19.0.2.1\javafx-base-19.0.2.1.jar;C:\Users\vinic\.m2\repository\org\openjfx\javafx-fxml\19.0.2.1\javafx-fxml-19.0.2.1.jar;C:\Users\vinic\.m2\repository\net\synedra\validatorfx\0.4.0\validatorfx-0.4.0.jar;C:\Users\vinic\.m2\repository\io\jsonwebtoken\jjwt\0.12.3\jjwt-0.12.3.jar;C:\Users\vinic\.m2\repository\io\jsonwebtoken\jjwt-impl\0.11.1\jjwt-impl-0.11.1.jar;C:\Users\vinic\.m2\repository\io\jsonwebtoken\jjwt-jackson\0.11.1\jjwt-jackson-0.11.1.jar
Launcher Type: SUN_STANDARD

[Global flags]
     intx CICompilerCount                          = 4                                         {product} {ergonomic}
     uint ConcGCThreads                            = 2                                         {product} {ergonomic}
     uint G1ConcRefinementThreads                  = 8                                         {product} {ergonomic}
   size_t G1HeapRegionSize                         = 1048576                                   {product} {ergonomic}
    uintx GCDrainStackTargetSize                   = 64                                        {product} {ergonomic}
   size_t InitialHeapSize                          = 268435456                                 {product} {ergonomic}
   size_t MarkStackSize                            = 4194304                                   {product} {ergonomic}
   size_t MaxHeapSize                              = 4263510016                                {product} {ergonomic}
   size_t MaxNewSize                               = 2557476864                                {product} {ergonomic}
   size_t MinHeapDeltaBytes                        = 1048576                                   {product} {ergonomic}
    uintx NonNMethodCodeHeapSize                   = 5836300                                {pd product} {ergonomic}
    uintx NonProfiledCodeHeapSize                  = 122910970                              {pd product} {ergonomic}
    uintx ProfiledCodeHeapSize                     = 122910970                              {pd product} {ergonomic}
    uintx ReservedCodeCacheSize                    = 251658240                              {pd product} {ergonomic}
     bool SegmentedCodeCache                       = true                                      {product} {ergonomic}
     bool UseCompressedClassPointers               = true                                 {lp64_product} {ergonomic}
     bool UseCompressedOops                        = true                                 {lp64_product} {ergonomic}
     bool UseG1GC                                  = true                                      {product} {ergonomic}
     bool UseLargePagesIndividualAllocation        = false                                  {pd product} {ergonomic}

Logging:
Log output configuration:
 #0: stdout all=warning uptime,level,tags
 #1: stderr all=off uptime,level,tags

Environment Variables:
PATH=C:\Program Files\Common Files\Oracle\Java\javapath;C:\Program Files (x86)\Common Files\Oracle\Java\javapath;C:\Windows\system32;C:\Windows;C:\Windows\System32\Wbem;C:\Windows\System32\WindowsPowerShell\v1.0\;C:\Windows\System32\OpenSSH\;C:\Program Files\Git\cmd;C:\Program Files\MySQL\MySQL Server 8.0\bin;C:\Program Files (x86)\Yarn\bin\;C:\Program Files\dotnet\;C:\flutter\bin;C:\Program Files\nodejs\;C:\Users\vinic\AppData\Local\Microsoft\WindowsApps;;C:\Users\vinic\AppData\Local\Programs\Microsoft VS Code\bin;C:\Users\vinic\AppData\Local\Yarn\bin;C:\Program Files\JetBrains\IntelliJ IDEA Community Edition 2020.3.4\bin;;C:\Users\vinic\AppData\Roaming\npm
USERNAME=vinic
OS=Windows_NT
PROCESSOR_IDENTIFIER=Intel64 Family 6 Model 142 Stepping 12, GenuineIntel
TMP=C:\Users\vinic\AppData\Local\Temp
TEMP=C:\Users\vinic\AppData\Local\Temp



---------------  S Y S T E M  ---------------

OS: Windows 10 , 64 bit Build 19041 (10.0.19041.3636)
OS uptime: 11 days 21:16 hours

CPU:total 8 (initial active 8) (4 cores per cpu, 2 threads per core) family 6 model 142 stepping 12 microcode 0xf8, cmov, cx8, fxsr, mmx, sse, sse2, sse3, ssse3, sse4.1, sse4.2, popcnt, avx, avx2, aes, clmul, erms, 3dnowpref, lzcnt, ht, tsc, tscinvbit, bmi1, bmi2, adx, fma

Memory: 4k page, system-wide physical 16256M (4325M free)
TotalPageFile size 19723M (AvailPageFile size 2991M)
current process WorkingSet (physical memory assigned to process): 316M, peak: 361M
current process commit charge ("private bytes"): 527M, peak: 573M

vm_info: OpenJDK 64-Bit Server VM (11.0.19+7-LTS) for windows-amd64 JRE (Zulu11.64+19-CA) (11.0.19+7-LTS), built on Apr 10 2023 13:00:29 by "zulu_re" with MS VC++ 15.9 (VS2017)

END.
